2024-03-11 19:07:16,657 - INFO - Abrindo diálogo para escolher o local de salvamento
2024-03-11 19:07:23,845 - INFO - Caminho de salvamento escolhido: C:/Users/Mateus Mayer/Downloads/aiaiaiaiaii.docx
2024-03-11 19:07:23,846 - INFO - Cópia realizada
2024-03-11 19:07:23,865 - INFO - Documento de cópia aberto para edição com sucesso
2024-03-11 19:07:23,874 - INFO - Referencias campos adicionais
2024-03-11 19:07:24,223 - INFO - Tabela atualizada com campos novos
2024-03-11 19:07:26,206 - INFO - Documento salvo com sucesso em: C:/Users/Mateus Mayer/Downloads/aiaiaiaiaii.docx
2024-03-11 21:34:03,682 - INFO - Abrindo diálogo para escolher o local de salvamento
2024-03-11 21:34:11,666 - INFO - Caminho de salvamento escolhido: C:/Users/Mateus Mayer/Downloads/teste.docx
2024-03-11 21:34:11,671 - INFO - Cópia realizada
2024-03-11 21:34:11,740 - INFO - Documento de cópia aberto para edição com sucesso
2024-03-11 21:34:11,755 - INFO - Referencias campos adicionais
2024-03-11 21:34:12,159 - INFO - Tabela atualizada com campos novos
2024-03-11 21:34:14,330 - INFO - Documento salvo com sucesso em: C:/Users/Mateus Mayer/Downloads/teste.docx
2024-03-11 21:48:57,042 - INFO - Abrindo diálogo para escolher o local de salvamento
2024-03-11 21:49:05,672 - INFO - Caminho de salvamento escolhido: C:/Users/Mateus Mayer/Downloads/teste.docx
2024-03-11 21:49:05,676 - INFO - Cópia realizada
2024-03-11 21:49:05,695 - INFO - Documento de cópia aberto para edição com sucesso
2024-03-11 21:49:05,726 - INFO - Referencias campos adicionais
2024-03-11 21:49:06,083 - INFO - Tabela atualizada com campos novos
2024-03-11 21:49:07,716 - INFO - Documento salvo com sucesso em: C:/Users/Mateus Mayer/Downloads/teste.docx
2024-03-11 21:57:20,291 - INFO - Abrindo diálogo para escolher o local de salvamento
2024-03-11 21:57:28,761 - INFO - Caminho de salvamento escolhido: C:/Users/Mateus Mayer/Downloads/BLABLA.docx
2024-03-11 21:57:28,763 - INFO - Cópia realizada
2024-03-11 21:57:28,785 - INFO - Documento de cópia aberto para edição com sucesso
2024-03-11 21:57:28,796 - INFO - Referencias campos adicionais
2024-03-11 21:57:29,144 - INFO - Tabela atualizada com campos novos
2024-03-11 21:57:30,321 - INFO - Documento salvo com sucesso em: C:/Users/Mateus Mayer/Downloads/BLABLA.docx
2024-03-11 22:01:16,221 - INFO - Abrindo diálogo para escolher o local de salvamento
2024-03-11 22:01:25,623 - INFO - Caminho de salvamento escolhido: C:/Users/Mateus Mayer/Downloads/ahahahahahha.docx
2024-03-11 22:01:25,628 - INFO - Cópia realizada
2024-03-11 22:01:25,653 - INFO - Documento de cópia aberto para edição com sucesso
2024-03-11 22:01:25,665 - INFO - Referencias campos adicionais
2024-03-11 22:01:26,033 - INFO - Tabela atualizada com campos novos
2024-03-11 22:01:27,417 - INFO - Documento salvo com sucesso em: C:/Users/Mateus Mayer/Downloads/ahahahahahha.docx
2024-03-11 22:02:40,148 - INFO - Abrindo diálogo para escolher o local de salvamento
2024-03-11 22:02:48,074 - INFO - Caminho de salvamento escolhido: C:/Users/Mateus Mayer/Downloads/BLABLA.docx
2024-03-11 22:02:48,075 - INFO - Cópia realizada
2024-03-11 22:02:48,093 - INFO - Documento de cópia aberto para edição com sucesso
2024-03-11 22:02:48,102 - INFO - Referencias campos adicionais
2024-03-11 22:02:48,451 - INFO - Tabela atualizada com campos novos
2024-03-11 22:02:49,905 - INFO - Documento salvo com sucesso em: C:/Users/Mateus Mayer/Downloads/BLABLA.docx
2024-03-11 22:04:30,784 - INFO - Abrindo diálogo para escolher o local de salvamento
2024-03-11 22:04:39,341 - INFO - Caminho de salvamento escolhido: C:/Users/Mateus Mayer/Downloads/BLABLA.docx
2024-03-11 22:04:39,342 - INFO - Cópia realizada
2024-03-11 22:04:39,359 - INFO - Documento de cópia aberto para edição com sucesso
2024-03-11 22:04:39,359 - INFO - Referencias campos adicionais
2024-03-11 22:04:39,731 - INFO - Tabela atualizada com campos novos
2024-03-11 22:04:40,874 - INFO - Documento salvo com sucesso em: C:/Users/Mateus Mayer/Downloads/BLABLA.docx
2024-03-11 22:09:11,232 - INFO - Abrindo diálogo para escolher o local de salvamento
2024-03-11 22:09:17,882 - INFO - Caminho de salvamento escolhido: C:/Users/Mateus Mayer/Downloads/BLABLA.docx
2024-03-11 22:09:17,884 - INFO - Cópia realizada
2024-03-11 22:09:17,901 - INFO - Documento de cópia aberto para edição com sucesso
2024-03-11 22:09:17,909 - INFO - Referencias campos adicionais
2024-03-11 22:09:18,265 - INFO - Tabela atualizada com campos novos
2024-03-11 22:09:19,566 - INFO - Documento salvo com sucesso em: C:/Users/Mateus Mayer/Downloads/BLABLA.docx
2024-03-11 22:12:38,082 - INFO - Abrindo diálogo para escolher o local de salvamento
2024-03-11 22:12:45,849 - INFO - Caminho de salvamento escolhido: C:/Users/Mateus Mayer/Downloads/BLABLA.docx
2024-03-11 22:12:45,851 - INFO - Cópia realizada
2024-03-11 22:12:45,869 - INFO - Documento de cópia aberto para edição com sucesso
2024-03-11 22:12:45,877 - INFO - Referencias campos adicionais
2024-03-11 22:12:46,236 - INFO - Tabela atualizada com campos novos
2024-03-11 22:12:47,293 - INFO - Documento salvo com sucesso em: C:/Users/Mateus Mayer/Downloads/BLABLA.docx
2024-03-11 22:14:44,670 - INFO - Abrindo diálogo para escolher o local de salvamento
2024-03-11 22:14:51,267 - INFO - Caminho de salvamento escolhido: C:/Users/Mateus Mayer/Downloads/BLABLA.docx
2024-03-11 22:14:51,268 - INFO - Cópia realizada
2024-03-11 22:14:51,287 - INFO - Documento de cópia aberto para edição com sucesso
2024-03-11 22:14:51,297 - INFO - Referencias campos adicionais
2024-03-11 22:14:51,684 - INFO - Tabela atualizada com campos novos
2024-03-11 22:14:52,715 - INFO - Documento salvo com sucesso em: C:/Users/Mateus Mayer/Downloads/BLABLA.docx
2024-03-11 22:15:32,089 - INFO - Abrindo diálogo para escolher o local de salvamento
2024-03-11 22:15:41,548 - INFO - Caminho de salvamento escolhido: C:/Users/Mateus Mayer/Downloads/BLABLA.docx
2024-03-11 22:15:41,549 - INFO - Cópia realizada
2024-03-11 22:15:41,567 - INFO - Documento de cópia aberto para edição com sucesso
2024-03-11 22:15:41,576 - INFO - Referencias campos adicionais
2024-03-11 22:15:41,957 - INFO - Tabela atualizada com campos novos
2024-03-11 22:15:42,959 - INFO - Documento salvo com sucesso em: C:/Users/Mateus Mayer/Downloads/BLABLA.docx
2024-03-11 22:16:10,553 - INFO - Abrindo diálogo para escolher o local de salvamento
2024-03-11 22:16:17,105 - INFO - Caminho de salvamento escolhido: C:/Users/Mateus Mayer/Downloads/BLABLA.docx
2024-03-11 22:16:17,107 - INFO - Cópia realizada
2024-03-11 22:16:17,126 - INFO - Documento de cópia aberto para edição com sucesso
2024-03-11 22:16:17,135 - INFO - Referencias campos adicionais
2024-03-11 22:16:17,491 - INFO - Tabela atualizada com campos novos
2024-03-11 22:16:19,016 - INFO - Documento salvo com sucesso em: C:/Users/Mateus Mayer/Downloads/BLABLA.docx
2024-03-11 22:20:49,682 - INFO - Abrindo diálogo para escolher o local de salvamento
2024-03-11 22:21:00,141 - INFO - Caminho de salvamento escolhido: C:/Users/Mateus Mayer/Downloads/BLABLA.docx
2024-03-11 22:21:00,142 - INFO - Cópia realizada
2024-03-11 22:21:00,161 - INFO - Documento de cópia aberto para edição com sucesso
2024-03-11 22:21:00,169 - INFO - Referencias campos adicionais
2024-03-11 22:21:00,611 - INFO - Tabela atualizada com campos novos
2024-03-11 22:21:01,817 - INFO - Documento salvo com sucesso em: C:/Users/Mateus Mayer/Downloads/BLABLA.docx
2024-03-11 22:28:23,041 - INFO - Abrindo diálogo para escolher o local de salvamento
2024-03-11 22:28:30,425 - INFO - Caminho de salvamento escolhido: C:/Users/Mateus Mayer/Downloads/ahahahahahha.docx
2024-03-11 22:28:30,430 - INFO - Cópia realizada
2024-03-11 22:28:30,454 - INFO - Documento de cópia aberto para edição com sucesso
2024-03-11 22:28:30,462 - INFO - Referencias campos adicionais
2024-03-11 22:28:30,799 - INFO - Tabela atualizada com campos novos
2024-03-11 22:28:32,925 - INFO - Documento salvo com sucesso em: C:/Users/Mateus Mayer/Downloads/ahahahahahha.docx
2024-03-11 22:33:39,733 - INFO - Abrindo diálogo para escolher o local de salvamento
2024-03-11 22:33:46,858 - INFO - Caminho de salvamento escolhido: C:/Users/Mateus Mayer/Downloads/ahahahahahha.docx
2024-03-11 22:33:46,859 - INFO - Cópia realizada
2024-03-11 22:33:46,881 - INFO - Documento de cópia aberto para edição com sucesso
2024-03-11 22:33:46,891 - INFO - Referencias campos adicionais
2024-03-11 22:33:47,248 - INFO - Tabela atualizada com campos novos
2024-03-11 22:33:48,564 - INFO - Documento salvo com sucesso em: C:/Users/Mateus Mayer/Downloads/ahahahahahha.docx
2024-03-11 22:36:26,296 - INFO - Abrindo diálogo para escolher o local de salvamento
2024-03-11 22:36:38,734 - INFO - Caminho de salvamento escolhido: C:/Users/Mateus Mayer/Downloads/teste.docx
2024-03-11 22:36:38,739 - INFO - Cópia realizada
2024-03-11 22:36:38,760 - INFO - Documento de cópia aberto para edição com sucesso
2024-03-11 22:36:38,773 - INFO - Referencias campos adicionais
2024-03-11 22:36:39,211 - INFO - Tabela atualizada com campos novos
2024-03-11 22:36:40,808 - INFO - Documento salvo com sucesso em: C:/Users/Mateus Mayer/Downloads/teste.docx
2024-03-11 22:46:56,958 - INFO - Abrindo diálogo para escolher o local de salvamento
2024-03-11 22:47:05,184 - INFO - Caminho de salvamento escolhido: C:/Users/Mateus Mayer/Downloads/teste.docx
2024-03-11 22:47:05,185 - INFO - Cópia realizada
2024-03-11 22:47:05,204 - INFO - Documento de cópia aberto para edição com sucesso
2024-03-11 22:47:05,213 - INFO - Referencias campos adicionais
2024-03-11 22:47:05,645 - ERROR - Nem todos os códigos estão presentes.
2024-03-11 22:47:05,646 - INFO - Tabela atualizada com campos novos
2024-03-11 22:47:06,712 - INFO - Documento salvo com sucesso em: C:/Users/Mateus Mayer/Downloads/teste.docx
2024-03-11 22:54:04,372 - INFO - Abrindo diálogo para escolher o local de salvamento
2024-03-11 22:54:25,966 - INFO - Caminho de salvamento escolhido: C:/Users/Mateus Mayer/Downloads/teste.docx
2024-03-11 22:54:25,969 - INFO - Cópia realizada
2024-03-11 22:54:25,995 - INFO - Documento de cópia aberto para edição com sucesso
2024-03-11 22:54:26,009 - INFO - Referencias campos adicionais
2024-03-11 22:54:26,468 - ERROR - Nem todos os códigos estão presentes.
2024-03-11 22:54:26,468 - INFO - Tabela atualizada com campos novos
2024-03-11 22:54:38,912 - ERROR - Erro ao salvar o documento
2024-03-11 22:54:40,883 - INFO - Abrindo diálogo para escolher o local de salvamento
2024-03-11 22:54:48,267 - INFO - Caminho de salvamento escolhido: C:/Users/Mateus Mayer/Downloads/teste.docx
2024-03-11 22:54:48,271 - INFO - Cópia realizada
2024-03-11 22:54:48,287 - INFO - Documento de cópia aberto para edição com sucesso
2024-03-11 22:54:48,287 - INFO - Referencias campos adicionais
2024-03-11 22:54:48,699 - ERROR - Nem todos os códigos estão presentes.
2024-03-11 22:54:48,699 - INFO - Tabela atualizada com campos novos
2024-03-11 22:54:49,915 - INFO - Documento salvo com sucesso em: C:/Users/Mateus Mayer/Downloads/teste.docx
2024-03-11 23:00:32,993 - INFO - Abrindo diálogo para escolher o local de salvamento
2024-03-11 23:00:43,221 - ERROR - Erro ao escolher o local de salvamento: Nenhum caminho de salvamento selecionado pelo usuário.
2024-03-11 23:00:53,268 - INFO - Abrindo diálogo para escolher o local de salvamento
2024-03-11 23:01:01,149 - INFO - Caminho de salvamento escolhido: C:/Users/Mateus Mayer/Downloads/teste.docx
2024-03-11 23:01:01,151 - INFO - Cópia realizada
2024-03-11 23:01:01,168 - INFO - Documento de cópia aberto para edição com sucesso
2024-03-11 23:01:01,176 - INFO - Referencias campos adicionais
2024-03-11 23:01:01,576 - ERROR - Nem todos os códigos estão presentes.
2024-03-11 23:01:01,576 - INFO - Tabela atualizada com campos novos
2024-03-11 23:01:02,691 - INFO - Documento salvo com sucesso em: C:/Users/Mateus Mayer/Downloads/teste.docx
2024-03-11 23:04:26,974 - INFO - Abrindo diálogo para escolher o local de salvamento
2024-03-11 23:04:36,213 - INFO - Caminho de salvamento escolhido: C:/Users/Mateus Mayer/Downloads/testevarios.docx
2024-03-11 23:04:36,215 - INFO - Cópia realizada
2024-03-11 23:04:36,235 - INFO - Documento de cópia aberto para edição com sucesso
2024-03-11 23:04:36,243 - ERROR - Erro ao atribuir as referências dos novos módulos: name 'd004' is not defined
2024-03-11 23:08:47,726 - INFO - Abrindo diálogo para escolher o local de salvamento
2024-03-11 23:08:55,427 - INFO - Caminho de salvamento escolhido: C:/Users/Mateus Mayer/Downloads/teste.docx
2024-03-11 23:08:55,428 - INFO - Cópia realizada
2024-03-11 23:08:55,448 - INFO - Documento de cópia aberto para edição com sucesso
2024-03-11 23:08:55,458 - INFO - Referencias campos adicionais
2024-03-11 23:08:55,938 - ERROR - Nem todos os códigos estão presentes.
2024-03-11 23:08:55,938 - INFO - Tabela atualizada com campos novos
2024-03-11 23:08:56,882 - INFO - Documento salvo com sucesso em: C:/Users/Mateus Mayer/Downloads/teste.docx
2024-03-11 23:26:39,686 - INFO - Abrindo diálogo para escolher o local de salvamento
2024-03-11 23:26:46,959 - INFO - Caminho de salvamento escolhido: C:/Users/Mateus Mayer/Downloads/teste.docx
2024-03-11 23:26:46,964 - INFO - Cópia realizada
2024-03-11 23:26:46,987 - INFO - Documento de cópia aberto para edição com sucesso
2024-03-11 23:26:46,998 - INFO - Referencias campos adicionais
2024-03-11 23:26:47,456 - ERROR - Nem todos os códigos estão presentes.
2024-03-11 23:26:47,456 - INFO - Tabela atualizada com campos novos
2024-03-11 23:26:48,496 - INFO - Documento salvo com sucesso em: C:/Users/Mateus Mayer/Downloads/teste.docx
2024-03-11 23:28:04,730 - INFO - Abrindo diálogo para escolher o local de salvamento
2024-03-11 23:28:13,166 - INFO - Caminho de salvamento escolhido: C:/Users/Mateus Mayer/Downloads/teste.docx
2024-03-11 23:28:13,168 - INFO - Cópia realizada
2024-03-11 23:28:13,187 - INFO - Documento de cópia aberto para edição com sucesso
2024-03-11 23:28:13,195 - INFO - Referencias campos adicionais
2024-03-11 23:28:13,556 - ERROR - Nem todos os códigos estão presentes.
2024-03-11 23:28:13,556 - INFO - Tabela atualizada com campos novos
2024-03-11 23:28:15,280 - INFO - Documento salvo com sucesso em: C:/Users/Mateus Mayer/Downloads/teste.docx
2024-03-11 23:28:29,449 - INFO - Abrindo diálogo para escolher o local de salvamento
2024-03-11 23:28:41,282 - INFO - Caminho de salvamento escolhido: C:/Users/Mateus Mayer/Downloads/teste.docx
2024-03-11 23:28:41,283 - INFO - Cópia realizada
2024-03-11 23:28:41,300 - INFO - Documento de cópia aberto para edição com sucesso
2024-03-11 23:28:41,301 - INFO - Referencias campos adicionais
2024-03-11 23:28:41,807 - ERROR - Nem todos os códigos estão presentes.
2024-03-11 23:28:41,807 - INFO - Tabela atualizada com campos novos
2024-03-11 23:28:42,920 - INFO - Documento salvo com sucesso em: C:/Users/Mateus Mayer/Downloads/teste.docx
2024-03-22 22:09:41,692 - INFO - Abrindo diálogo para escolher o local de salvamento
2024-03-22 22:09:55,836 - INFO - Caminho de salvamento escolhido: C:/Users/Mateus Mayer/Downloads/teste.docx
2024-03-22 22:09:55,840 - INFO - Cópia realizada
2024-03-22 22:09:55,879 - INFO - Documento de cópia aberto para edição com sucesso
2024-03-22 22:09:55,930 - ERROR - Erro ao atribuir as referências dos novos módulos: name 's004_entry' is not defined
2024-03-22 22:11:21,476 - INFO - Abrindo diálogo para escolher o local de salvamento
2024-03-22 22:11:31,177 - INFO - Caminho de salvamento escolhido: C:/Users/Mateus Mayer/Downloads/teste.docx
2024-03-22 22:11:31,179 - INFO - Cópia realizada
2024-03-22 22:11:31,204 - INFO - Documento de cópia aberto para edição com sucesso
2024-03-22 22:11:31,219 - INFO - Referencias campos adicionais
2024-03-22 22:11:31,689 - INFO - Nem todos os códigos estão presentes.
2024-03-22 22:11:31,689 - INFO - Tabela atualizada com campos novos
2024-03-22 22:11:33,483 - INFO - Documento salvo com sucesso em: C:/Users/Mateus Mayer/Downloads/teste.docx
2024-03-26 09:12:38,023 - INFO - Abrindo diálogo para escolher o local de salvamento
2024-03-26 09:12:50,065 - INFO - Caminho de salvamento escolhido: C:/Users/Mateus Mayer/Downloads/teste.docx
2024-03-26 09:12:50,074 - INFO - Cópia realizada
2024-03-26 09:12:50,102 - INFO - Documento de cópia aberto para edição com sucesso
2024-03-26 09:12:50,139 - INFO - Referencias campos adicionais
2024-03-26 09:12:50,541 - INFO - Nem todos os códigos estão presentes.
2024-03-26 09:12:50,541 - INFO - Tabela atualizada com campos novos
2024-03-26 09:12:51,897 - INFO - Documento salvo com sucesso em: C:/Users/Mateus Mayer/Downloads/teste.docx
2024-03-26 09:15:42,003 - INFO - Abrindo diálogo para escolher o local de salvamento
2024-03-26 09:15:47,644 - INFO - Caminho de salvamento escolhido: C:/Users/Mateus Mayer/Downloads/teste.docx
2024-03-26 09:15:47,646 - INFO - Cópia realizada
2024-03-26 09:15:47,663 - INFO - Documento de cópia aberto para edição com sucesso
2024-03-26 09:15:47,664 - INFO - Referencias campos adicionais
2024-03-26 09:15:48,008 - INFO - Nem todos os códigos estão presentes.
2024-03-26 09:15:48,008 - INFO - Tabela atualizada com campos novos
2024-03-26 09:15:50,830 - ERROR - Erro ao salvar o documento
2024-03-26 09:15:55,136 - INFO - Abrindo diálogo para escolher o local de salvamento
2024-03-26 09:16:00,422 - INFO - Caminho de salvamento escolhido: C:/Users/Mateus Mayer/Downloads/teste.docx
2024-03-26 09:16:00,425 - INFO - Cópia realizada
2024-03-26 09:16:00,441 - INFO - Documento de cópia aberto para edição com sucesso
2024-03-26 09:16:00,441 - INFO - Referencias campos adicionais
2024-03-26 09:16:00,821 - INFO - Nem todos os códigos estão presentes.
2024-03-26 09:16:00,821 - INFO - Tabela atualizada com campos novos
2024-03-26 09:16:02,078 - INFO - Documento salvo com sucesso em: C:/Users/Mateus Mayer/Downloads/teste.docx
2024-03-26 09:23:59,859 - INFO - Abrindo diálogo para escolher o local de salvamento
2024-03-26 09:24:06,760 - INFO - Caminho de salvamento escolhido: C:/Users/Mateus Mayer/Downloads/teste.docx
2024-03-26 09:24:06,761 - INFO - Cópia realizada
2024-03-26 09:24:06,785 - INFO - Documento de cópia aberto para edição com sucesso
2024-03-26 09:24:06,795 - INFO - Referencias campos adicionais
2024-03-26 09:26:54,561 - INFO - Abrindo diálogo para escolher o local de salvamento
2024-03-26 09:26:59,765 - INFO - Caminho de salvamento escolhido: C:/Users/Mateus Mayer/Downloads/teste.docx
2024-03-26 09:26:59,766 - INFO - Cópia realizada
2024-03-26 09:26:59,785 - INFO - Documento de cópia aberto para edição com sucesso
2024-03-26 09:26:59,793 - INFO - Referencias campos adicionais
2024-03-26 09:27:00,190 - INFO - Nem todos os códigos estão presentes.
2024-03-26 09:27:00,190 - INFO - Tabela atualizada com campos novos
2024-03-26 09:27:06,370 - ERROR - Erro ao salvar o documento
2024-03-26 09:27:08,183 - INFO - Abrindo diálogo para escolher o local de salvamento
2024-03-26 09:27:13,177 - INFO - Caminho de salvamento escolhido: C:/Users/Mateus Mayer/Downloads/teste.docx
2024-03-26 09:27:13,178 - INFO - Cópia realizada
2024-03-26 09:27:13,193 - INFO - Documento de cópia aberto para edição com sucesso
2024-03-26 09:27:13,193 - INFO - Referencias campos adicionais
2024-03-26 09:27:13,525 - INFO - Nem todos os códigos estão presentes.
2024-03-26 09:27:13,526 - INFO - Tabela atualizada com campos novos
2024-03-26 09:27:14,625 - INFO - Documento salvo com sucesso em: C:/Users/Mateus Mayer/Downloads/teste.docx
2024-03-26 09:31:41,990 - INFO - Abrindo diálogo para escolher o local de salvamento
2024-03-26 09:31:48,318 - INFO - Caminho de salvamento escolhido: C:/Users/Mateus Mayer/Downloads/teste.docx
2024-03-26 09:31:48,319 - INFO - Cópia realizada
2024-03-26 09:31:48,337 - INFO - Documento de cópia aberto para edição com sucesso
2024-03-26 09:31:48,345 - INFO - Referencias campos adicionais
2024-03-26 09:31:48,689 - INFO - Nem todos os códigos estão presentes.
2024-03-26 09:31:48,690 - INFO - Tabela atualizada com campos novos
2024-03-26 09:31:58,432 - ERROR - Erro ao salvar o documento
2024-03-26 09:32:00,298 - INFO - Abrindo diálogo para escolher o local de salvamento
2024-03-26 09:32:05,445 - INFO - Caminho de salvamento escolhido: C:/Users/Mateus Mayer/Downloads/teste.docx
2024-03-26 09:32:05,446 - INFO - Cópia realizada
2024-03-26 09:32:05,463 - INFO - Documento de cópia aberto para edição com sucesso
2024-03-26 09:32:05,463 - INFO - Referencias campos adicionais
2024-03-26 09:32:05,813 - INFO - Nem todos os códigos estão presentes.
2024-03-26 09:32:05,813 - INFO - Tabela atualizada com campos novos
2024-03-26 09:32:07,390 - INFO - Documento salvo com sucesso em: C:/Users/Mateus Mayer/Downloads/teste.docx
2024-03-26 09:50:34,943 - INFO - Abrindo diálogo para escolher o local de salvamento
2024-03-26 09:50:45,486 - INFO - Caminho de salvamento escolhido: C:/Users/Mateus Mayer/Downloads/teste.docx
2024-03-26 09:50:45,487 - INFO - Cópia realizada
2024-03-26 09:50:45,505 - INFO - Documento de cópia aberto para edição com sucesso
2024-03-26 09:50:45,513 - INFO - Referencias campos adicionais
2024-03-26 09:50:46,112 - INFO - Nem todos os códigos estão presentes.
2024-03-26 09:50:46,112 - INFO - Tabela atualizada com campos novos
2024-03-26 09:50:47,460 - INFO - Documento salvo com sucesso em: C:/Users/Mateus Mayer/Downloads/teste.docx
2024-03-26 09:55:24,692 - INFO - Abrindo diálogo para escolher o local de salvamento
2024-03-26 09:55:33,938 - INFO - Caminho de salvamento escolhido: C:/Users/Mateus Mayer/Downloads/teste.docx
2024-03-26 09:55:33,939 - INFO - Cópia realizada
2024-03-26 09:55:33,957 - INFO - Documento de cópia aberto para edição com sucesso
2024-03-26 09:55:33,966 - INFO - Referencias campos adicionais
2024-03-26 09:55:34,560 - INFO - Nem todos os códigos estão presentes.
2024-03-26 09:55:34,560 - INFO - Tabela atualizada com campos novos
2024-03-26 09:55:35,630 - INFO - Documento salvo com sucesso em: C:/Users/Mateus Mayer/Downloads/teste.docx
2024-03-26 09:56:55,500 - INFO - Abrindo diálogo para escolher o local de salvamento
2024-03-26 09:57:02,439 - INFO - Caminho de salvamento escolhido: C:/Users/Mateus Mayer/Downloads/teste.docx
2024-03-26 09:57:02,440 - INFO - Cópia realizada
2024-03-26 09:57:02,458 - INFO - Documento de cópia aberto para edição com sucesso
2024-03-26 09:57:02,466 - INFO - Referencias campos adicionais
2024-03-26 09:57:02,930 - INFO - Nem todos os códigos estão presentes.
2024-03-26 09:57:02,931 - INFO - Tabela atualizada com campos novos
2024-03-26 09:57:03,889 - INFO - Documento salvo com sucesso em: C:/Users/Mateus Mayer/Downloads/teste.docx
2024-03-26 10:04:47,439 - INFO - Abrindo diálogo para escolher o local de salvamento
2024-03-26 10:04:53,524 - INFO - Caminho de salvamento escolhido: C:/Users/Mateus Mayer/Downloads/teste.docx
2024-03-26 10:04:53,529 - INFO - Cópia realizada
2024-03-26 10:04:53,552 - INFO - Documento de cópia aberto para edição com sucesso
2024-03-26 10:04:53,563 - INFO - Novos módulos dinâmicos adicionados: {'N001': 'vuyg8h9', 'S001': 'gvuhi', 'S003': 'hgvbi', 'D001': '26 de março de 2024', 'D002': '26/03/2024', 'S005': 'hjbui', 'C001': 'hjbhi', 'H001': 'ibjhkio', 'D003': 'jhbko', 'V001': 'bjhiu', 'T001': 'Remoto', 'C002': ' hbi', 'H002': 'hbi', 'D004': 'bhji', 'V002': 'bhki', 'T002': 'Híbrido'}
2024-03-26 10:04:53,564 - INFO - Referencias campos adicionais
2024-03-26 10:04:54,023 - INFO - Nem todos os códigos estão presentes.
2024-03-26 10:04:54,023 - INFO - Tabela atualizada com campos novos
2024-03-26 10:04:59,024 - ERROR - Erro ao salvar o documento
2024-03-26 10:05:00,708 - INFO - Abrindo diálogo para escolher o local de salvamento
2024-03-26 10:05:07,051 - INFO - Caminho de salvamento escolhido: C:/Users/Mateus Mayer/Downloads/teste.docx
2024-03-26 10:05:07,052 - INFO - Cópia realizada
2024-03-26 10:05:07,072 - INFO - Documento de cópia aberto para edição com sucesso
2024-03-26 10:05:07,072 - INFO - Novos módulos dinâmicos adicionados: {'N001': 'vuyg8h9', 'S001': 'gvuhi', 'S003': 'hgvbi', 'D001': '26 de março de 2024', 'D002': '26/03/2024', 'S005': 'hjbui', 'C001': 'hjbhi', 'H001': 'ibjhkio', 'D003': 'jhbko', 'V001': 'bjhiu', 'T001': 'Remoto', 'C002': ' hbi', 'H002': 'hbi', 'D004': 'bhji', 'V002': 'bhki', 'T002': 'Híbrido'}
2024-03-26 10:05:07,072 - INFO - Referencias campos adicionais
2024-03-26 10:05:07,554 - INFO - Nem todos os códigos estão presentes.
2024-03-26 10:05:07,555 - INFO - Tabela atualizada com campos novos
2024-03-26 10:05:08,756 - INFO - Documento salvo com sucesso em: C:/Users/Mateus Mayer/Downloads/teste.docx
2024-03-26 10:33:34,203 - INFO - def add_dynamic_module(): Número máximo de 5 módulos atingido.
2024-03-26 10:36:28,242 - INFO - Abrindo diálogo para escolher o local de salvamento
2024-03-26 10:36:36,292 - INFO - Caminho de salvamento escolhido: C:/Users/Mateus Mayer/Downloads/teste.docx
2024-03-26 10:36:36,294 - INFO - Cópia realizada
2024-03-26 10:36:36,313 - INFO - Documento de cópia aberto para edição com sucesso
2024-03-26 10:36:36,325 - INFO - Novos módulos dinâmicos adicionados: {'N001': '123456', 'S001': 'AVATO', 'S003': 'Criar um campo no campo do campo', 'D001': '26 de março de 2024', 'D002': '26/03/2024', 'S005': 'Karina Freitas', 'C001': 'ABAP', 'H001': '25', 'D003': '18/01/2000', 'V001': '20,00', 'T001': 'Remoto', 'C002': 'MM', 'H002': '18/02/2000', 'D004': '30', 'V002': '50,00', 'T002': 'Híbrido', 'C003': 'SD', 'H003': '00/00/0000', 'D005': '50', 'V003': '100,00', 'T003': 'Presencial'}
2024-03-26 10:36:36,325 - INFO - Referencias campos adicionais
2024-03-26 10:36:36,935 - INFO - def atualizar_tabela_com_campos_novos: o limite de módulos foi atingido
2024-03-26 10:36:36,939 - INFO - def atualizar_tabela_com_campos_novos: o limite de módulos foi atingido
2024-03-26 10:36:36,944 - INFO - def atualizar_tabela_com_campos_novos: não alcançou o limite de módulos.
2024-03-26 10:36:36,945 - INFO - Tabela atualizada com campos novos
2024-03-26 10:36:38,467 - INFO - Documento salvo com sucesso em: C:/Users/Mateus Mayer/Downloads/teste.docx
2024-03-26 10:50:45,435 - INFO - Abrindo diálogo para escolher o local de salvamento
2024-03-26 10:50:54,078 - INFO - Caminho de salvamento escolhido: C:/Users/Mateus Mayer/Downloads/teste.docx
2024-03-26 10:50:54,083 - INFO - Cópia realizada
2024-03-26 10:50:54,102 - INFO - Documento de cópia aberto para edição com sucesso
2024-03-26 10:50:54,113 - INFO - Novos módulos dinâmicos adicionados: {'N001': 'fcuygui', 'S001': 'gvjhgui', 'S003': 'vhguh', 'D001': '26 de março de 2024', 'D002': '26/03/2024', 'S005': 'vhjk', 'C001': 'ihj', 'H001': 'hjkhiu', 'D003': 'iuv', 'V001': 'bhkiou', 'T001': 'Remoto', 'C002': 'ihojpihvjbhio', 'H002': 'hbhi', 'D004': 'bjkji', 'V002': 'hbjhi', 'T002': 'Remoto'}
2024-03-26 10:50:54,113 - INFO - Referencias campos adicionais
2024-03-26 10:50:54,592 - INFO - def atualizar_tabela_com_campos_novos: o limite de módulos foi atingido
2024-03-26 10:50:54,595 - INFO - def atualizar_tabela_com_campos_novos: não alcançou o limite de módulos.
2024-03-26 10:50:54,595 - INFO - Tabela atualizada com campos novos
2024-03-26 10:50:55,874 - INFO - Documento salvo com sucesso em: C:/Users/Mateus Mayer/Downloads/teste.docx
2024-03-26 10:58:58,183 - INFO - Abrindo diálogo para escolher o local de salvamento
2024-03-26 10:59:04,241 - INFO - Caminho de salvamento escolhido: C:/Users/Mateus Mayer/Downloads/teste.docx
2024-03-26 10:59:04,242 - INFO - Cópia realizada
2024-03-26 10:59:04,260 - INFO - Documento de cópia aberto para edição com sucesso
2024-03-26 10:59:04,269 - INFO - Novos módulos dinâmicos adicionados: {'N001': 'uhvibuho', 'S001': 'vhkbijohj', 'S003': 'vhjb', 'D001': '26 de março de 2024', 'D002': '26/03/2024', 'S005': 'hbjk', 'C001': 'hbjklhj', 'H001': 'nbkjnlj', 'D003': 'bjnkl', 'V001': 'bnjkl', 'T001': 'Remoto', 'C002': 'jkbnj', 'H002': 'bjknlj', 'D004': 'bnkj', 'V002': 'nbjnk', 'T002': 'Híbrido'}
2024-03-26 10:59:04,269 - INFO - Referencias campos adicionais: {'N001': 'uhvibuho', 'S001': 'vhkbijohj', 'S003': 'vhjb', 'D001': '26 de março de 2024', 'D002': '26/03/2024', 'S005': 'hbjk', 'C001': 'hbjklhj', 'H001': 'nbkjnlj', 'D003': 'bjnkl', 'V001': 'bnjkl', 'T001': 'Remoto', 'C002': 'jkbnj', 'H002': 'bjknlj', 'D004': 'bnkj', 'V002': 'nbjnk', 'T002': 'Híbrido'}
2024-03-26 10:59:04,740 - INFO - def atualizar_tabela_com_campos_novos: o limite de módulos foi atingido
2024-03-26 10:59:04,743 - ERROR - def atualizar_tabela_com_campos_novos: referências não foram preenchidas corretamente.
2024-03-26 10:59:04,743 - INFO - Tabela atualizada com campos novos
2024-03-26 10:59:05,655 - INFO - Documento salvo com sucesso em: C:/Users/Mateus Mayer/Downloads/teste.docx
2024-03-26 11:10:22,161 - INFO - Abrindo diálogo para escolher o local de salvamento
2024-03-26 11:10:29,823 - INFO - Caminho de salvamento escolhido: C:/Users/Mateus Mayer/Downloads/teste.docx
2024-03-26 11:10:29,824 - INFO - Cópia realizada
2024-03-26 11:10:29,846 - INFO - Documento de cópia aberto para edição com sucesso
2024-03-26 11:10:29,854 - INFO - Novos módulos dinâmicos adicionados: {'N001': 'jhbiuho', 'S001': 'hjuhi', 'S003': 'vhjb', 'D001': '26 de março de 2024', 'D002': '26/03/2024', 'S005': 'i', 'C001': ' hbjh', 'H001': 'nbj', 'D003': 'bjh', 'V001': 'hk', 'T001': 'Remoto', 'C002': 'huhiojip', 'H002': 'jkok', 'D004': 'bjioi', 'V002': 'njnko', 'T002': 'Híbrido'}
2024-03-26 11:10:29,855 - INFO - Referencias campos adicionais: {'N001': 'jhbiuho', 'S001': 'hjuhi', 'S003': 'vhjb', 'D001': '26 de março de 2024', 'D002': '26/03/2024', 'S005': 'i', 'C001': ' hbjh', 'H001': 'nbj', 'D003': 'bjh', 'V001': 'hk', 'T001': 'Remoto', 'C002': 'huhiojip', 'H002': 'jkok', 'D004': 'bjioi', 'V002': 'njnko', 'T002': 'Híbrido'}
2024-03-26 11:10:30,382 - ERROR - Erro ao atualizar tabela com os campos novos
2024-03-26 11:10:31,668 - INFO - Documento salvo com sucesso em: C:/Users/Mateus Mayer/Downloads/teste.docx
2024-03-26 13:50:19,597 - INFO - Abrindo diálogo para escolher o local de salvamento
2024-03-26 13:50:26,058 - INFO - Caminho de salvamento escolhido: C:/Users/Mateus Mayer/Downloads/teste.docx
2024-03-26 13:50:26,072 - INFO - Cópia realizada
2024-03-26 13:50:26,093 - INFO - Documento de cópia aberto para edição com sucesso
2024-03-26 13:50:26,127 - INFO - Novos módulos dinâmicos adicionados: {'N001': 'joip', 'S001': 'jhijohij', 'S003': 'njboi', 'D001': '26 de março de 2024', 'D002': '26/03/2024', 'S005': 'jhio', 'C001': 'jnkohi', 'H001': 'bjio', 'D003': 'jnkio', 'V001': 'njko', 'T001': 'Presencial', 'C002': 'hbjiohj', 'H002': 'jhbiohj', 'D004': 'hjbohi', 'V002': 'hj bhio', 'T002': 'Híbrido'}
2024-03-26 13:50:26,127 - INFO - Referencias campos adicionais: {'N001': 'joip', 'S001': 'jhijohij', 'S003': 'njboi', 'D001': '26 de março de 2024', 'D002': '26/03/2024', 'S005': 'jhio', 'C001': 'jnkohi', 'H001': 'bjio', 'D003': 'jnkio', 'V001': 'njko', 'T001': 'Presencial', 'C002': 'hbjiohj', 'H002': 'jhbiohj', 'D004': 'hjbohi', 'V002': 'hj bhio', 'T002': 'Híbrido'}
2024-03-26 13:50:26,608 - ERROR - Erro ao atualizar tabela com os campos novos
2024-03-26 13:50:27,488 - INFO - Documento salvo com sucesso em: C:/Users/Mateus Mayer/Downloads/teste.docx
2024-03-26 13:51:54,108 - INFO - Abrindo diálogo para escolher o local de salvamento
2024-03-26 13:52:05,198 - INFO - Caminho de salvamento escolhido: C:/Users/Mateus Mayer/Downloads/teste.docx
2024-03-26 13:52:05,199 - INFO - Cópia realizada
2024-03-26 13:52:05,222 - INFO - Documento de cópia aberto para edição com sucesso
2024-03-26 13:52:05,229 - INFO - Novos módulos dinâmicos adicionados: {'N001': 'uh9ij', 'S001': 'gvuyih', 'S003': 'guvig', 'D001': '26 de março de 2024', 'D002': '26/03/2024', 'S005': 'hi', 'C001': 'hviuho', 'H001': 'bh', 'D003': 'hvbio', 'V001': 'hiuj', 'T001': 'Remoto', 'C002': 'hihoHJBIHIO', 'H002': 'HJBHIOJ', 'D004': 'BHJ', 'V002': 'HIJ', 'T002': 'Presencial'}
2024-03-26 13:52:05,229 - INFO - Referencias campos adicionais: {'N001': 'uh9ij', 'S001': 'gvuyih', 'S003': 'guvig', 'D001': '26 de março de 2024', 'D002': '26/03/2024', 'S005': 'hi', 'C001': 'hviuho', 'H001': 'bh', 'D003': 'hvbio', 'V001': 'hiuj', 'T001': 'Remoto', 'C002': 'hihoHJBIHIO', 'H002': 'HJBHIOJ', 'D004': 'BHJ', 'V002': 'HIJ', 'T002': 'Presencial'}
2024-03-26 13:52:05,669 - ERROR - Erro ao atualizar tabela com os campos novos: name 'modulo_codigos' is not defined
2024-03-26 13:52:06,604 - INFO - Documento salvo com sucesso em: C:/Users/Mateus Mayer/Downloads/teste.docx
2024-03-26 13:54:56,209 - INFO - Abrindo diálogo para escolher o local de salvamento
2024-03-26 13:55:02,683 - INFO - Caminho de salvamento escolhido: C:/Users/Mateus Mayer/Downloads/teste.docx
2024-03-26 13:55:02,684 - INFO - Cópia realizada
2024-03-26 13:55:02,701 - INFO - Documento de cópia aberto para edição com sucesso
2024-03-26 13:55:02,713 - INFO - Novos módulos dinâmicos adicionados: {'N001': 'SDFHG', 'S001': 'U', 'S003': 'GIH', 'D001': '26 de março de 2024', 'D002': '26/03/2024', 'S005': 'VHGU', 'C001': 'HVG', 'H001': 'HIH', 'D003': 'VHJG', 'V001': 'BHJI', 'T001': 'Remoto', 'C002': 'YGUIHJOI', 'H002': 'HVBJ', 'D004': ' NBJ', 'V002': 'N KJ', 'T002': 'Presencial'}
2024-03-26 13:55:02,713 - INFO - Referencias campos adicionais: {'N001': 'SDFHG', 'S001': 'U', 'S003': 'GIH', 'D001': '26 de março de 2024', 'D002': '26/03/2024', 'S005': 'VHGU', 'C001': 'HVG', 'H001': 'HIH', 'D003': 'VHJG', 'V001': 'BHJI', 'T001': 'Remoto', 'C002': 'YGUIHJOI', 'H002': 'HVBJ', 'D004': ' NBJ', 'V002': 'N KJ', 'T002': 'Presencial'}
2024-03-26 13:55:03,182 - INFO - def atualizar_tabela_com_campos_novos: Todos os códigos novos constam em referências
2024-03-26 13:55:03,187 - ERROR - Nem todos os códigos de módulo estão presentes em 'referencias'.
2024-03-26 13:55:03,187 - INFO - Tabela atualizada com campos novos
2024-03-26 13:55:04,378 - INFO - Documento salvo com sucesso em: C:/Users/Mateus Mayer/Downloads/teste.docx
2024-03-26 14:08:17,399 - INFO - Abrindo diálogo para escolher o local de salvamento
2024-03-26 14:08:22,755 - INFO - Caminho de salvamento escolhido: C:/Users/Mateus Mayer/Downloads/teste.docx
2024-03-26 14:08:22,763 - INFO - Cópia realizada
2024-03-26 14:08:22,787 - INFO - Documento de cópia aberto para edição com sucesso
2024-03-26 14:08:22,798 - INFO - Novos módulos dinâmicos adicionados: {'N001': 'ghvjb', 'S001': 'guvh', 'S003': 'ighv', 'D001': '26 de março de 2024', 'D002': '26/03/2024', 'S005': 'ij', 'C001': 'hjbi', 'H001': 'bhj', 'D003': 'bhj', 'V001': 'bj', 'T001': 'Remoto', 'C002': 'ghubih', 'H002': 'huvbiu', 'D004': ' jhbji', 'V002': 'h jh', 'T002': 'Presencial'}
2024-03-26 14:08:22,798 - INFO - Referencias campos adicionais: {'N001': 'ghvjb', 'S001': 'guvh', 'S003': 'ighv', 'D001': '26 de março de 2024', 'D002': '26/03/2024', 'S005': 'ij', 'C001': 'hjbi', 'H001': 'bhj', 'D003': 'bhj', 'V001': 'bj', 'T001': 'Remoto', 'C002': 'ghubih', 'H002': 'huvbiu', 'D004': ' jhbji', 'V002': 'h jh', 'T002': 'Presencial'}
2024-03-26 14:08:23,265 - INFO - def atualizar_tabela_com_campos_novos: Todos os códigos novos constam em referências
2024-03-26 14:08:23,269 - ERROR - Nem todos os códigos de módulo estão presentes em 'referencias'.
2024-03-26 14:08:23,269 - INFO - Tabela atualizada com campos novos
2024-03-26 14:08:24,830 - INFO - Documento salvo com sucesso em: C:/Users/Mateus Mayer/Downloads/teste.docx
2024-03-26 14:37:03,265 - INFO - Abrindo diálogo para escolher o local de salvamento
2024-03-26 14:37:09,624 - INFO - Caminho de salvamento escolhido: C:/Users/Mateus Mayer/Downloads/teste.docx
2024-03-26 14:37:09,626 - INFO - Cópia realizada
2024-03-26 14:37:09,660 - INFO - Documento de cópia aberto para edição com sucesso
2024-03-26 14:37:09,667 - INFO - Novos módulos dinâmicos adicionados: {'N001': 'hggiuhoup', 'S001': 'hvjjhioj', 'S003': 'vhjbkhij', 'D001': '26 de março de 2024', 'D002': '26/03/2024', 'S005': 'bhjkko', 'C001': 'nmbjkl', 'H001': 'n,kjlkm,nklç', 'D003': '3/19/24', 'V001': 'nmlk', 'T001': 'Remoto', 'C002': 'yiguhiu9', 'H002': 'hvibuohj', 'D004': 'hjbjoh', 'V002': 'ijhbjhij', 'T002': 'Híbrido'}
2024-03-26 14:37:09,668 - INFO - Referencias campos adicionais: {'N001': 'hggiuhoup', 'S001': 'hvjjhioj', 'S003': 'vhjbkhij', 'D001': '26 de março de 2024', 'D002': '26/03/2024', 'S005': 'bhjkko', 'C001': 'nmbjkl', 'H001': 'n,kjlkm,nklç', 'D003': '3/19/24', 'V001': 'nmlk', 'T001': 'Remoto', 'C002': 'yiguhiu9', 'H002': 'hvibuohj', 'D004': 'hjbjoh', 'V002': 'ijhbjhij', 'T002': 'Híbrido'}
2024-03-26 14:37:10,162 - ERROR - Nem todos os códigos de módulo estão presentes em 'referencias'.
2024-03-26 14:37:10,162 - INFO - Tabela atualizada com campos novos
2024-03-26 14:37:12,096 - INFO - Documento salvo com sucesso em: C:/Users/Mateus Mayer/Downloads/teste.docx
2024-03-26 14:51:43,568 - INFO - Abrindo diálogo para escolher o local de salvamento
2024-03-26 14:51:49,921 - INFO - Caminho de salvamento escolhido: C:/Users/Mateus Mayer/Downloads/teste.docx
2024-03-26 14:51:49,922 - INFO - Cópia realizada
2024-03-26 14:51:49,944 - INFO - Documento de cópia aberto para edição com sucesso
2024-03-26 14:51:49,950 - ERROR - Erro ao atribuir as referências dos novos módulos: 'str' object has no attribute 'get'
2024-03-26 14:53:17,245 - INFO - Abrindo diálogo para escolher o local de salvamento
2024-03-26 14:53:23,362 - INFO - Caminho de salvamento escolhido: C:/Users/Mateus Mayer/Downloads/teste.docx
2024-03-26 14:53:23,364 - INFO - Cópia realizada
2024-03-26 14:53:23,383 - INFO - Documento de cópia aberto para edição com sucesso
2024-03-26 14:53:23,389 - INFO - Novos módulos dinâmicos adicionados: {'N001': 'hjiok', 'S001': 'bjknl', 'S003': 'bjknl', 'D001': '26 de março de 2024', 'D002': '26/03/2024', 'S005': 'n kblm', 'C001': 'nnklmç', 'H001': ' m,,', 'D003': '26/3/24', 'V001': 'mnlkmç', 'T001': 'Remoto'}
2024-03-26 14:53:23,389 - INFO - Referencias campos adicionais: {'N001': 'hjiok', 'S001': 'bjknl', 'S003': 'bjknl', 'D001': '26 de março de 2024', 'D002': '26/03/2024', 'S005': 'n kblm', 'C001': 'nnklmç', 'H001': ' m,,', 'D003': '26/3/24', 'V001': 'mnlkmç', 'T001': 'Remoto'}
2024-03-26 14:53:23,751 - ERROR - Nem todos os códigos de módulo estão presentes em 'referencias'.
2024-03-26 14:53:23,751 - INFO - Tabela atualizada com campos novos
2024-03-26 14:53:24,942 - INFO - Documento salvo com sucesso em: C:/Users/Mateus Mayer/Downloads/teste.docx
2024-03-26 14:55:46,138 - INFO - Abrindo diálogo para escolher o local de salvamento
2024-03-26 14:55:54,336 - INFO - Caminho de salvamento escolhido: C:/Users/Mateus Mayer/Downloads/hihoj.docx
2024-03-26 14:55:54,338 - INFO - Cópia realizada
2024-03-26 14:55:54,357 - INFO - Documento de cópia aberto para edição com sucesso
2024-03-26 14:55:54,365 - ERROR - Erro ao atribuir as referências dos novos módulos: time data '3/26/24' does not match format '%m/%d/%Y'
2024-03-26 14:59:25,580 - INFO - Abrindo diálogo para escolher o local de salvamento
2024-03-26 14:59:31,692 - INFO - Caminho de salvamento escolhido: C:/Users/Mateus Mayer/Downloads/teste.docx
2024-03-26 14:59:31,693 - INFO - Cópia realizada
2024-03-26 14:59:31,712 - INFO - Documento de cópia aberto para edição com sucesso
2024-03-26 14:59:31,718 - ERROR - Erro ao atribuir as referências dos novos módulos: strptime() argument 1 must be str, not datetime.date
2024-03-26 15:02:15,946 - INFO - Abrindo diálogo para escolher o local de salvamento
2024-03-26 15:02:21,391 - INFO - Caminho de salvamento escolhido: C:/Users/Mateus Mayer/Downloads/teste.docx
2024-03-26 15:02:21,396 - INFO - Cópia realizada
2024-03-26 15:02:21,415 - INFO - Documento de cópia aberto para edição com sucesso
2024-03-26 15:02:21,421 - ERROR - Erro ao atribuir as referências dos novos módulos: name 'date_entry' is not defined
2024-03-26 15:03:02,429 - INFO - Abrindo diálogo para escolher o local de salvamento
2024-03-26 15:03:08,255 - INFO - Caminho de salvamento escolhido: C:/Users/Mateus Mayer/Downloads/teste.docx
2024-03-26 15:03:08,256 - INFO - Cópia realizada
2024-03-26 15:03:08,274 - INFO - Documento de cópia aberto para edição com sucesso
2024-03-26 15:03:08,283 - INFO - Novos módulos dinâmicos adicionados: {'N001': 'j knlm', 'S001': 'hjbknlm', 'S003': 'bj', 'D001': '26 de março de 2024', 'D002': '26/03/2024', 'S005': 'nk', 'C001': 'jnklmç', 'H001': 'nlkmç', 'D003': '26/03/2024', 'V001': '~mnmlç', 'T001': 'Remoto'}
2024-03-26 15:03:08,284 - INFO - Referencias campos adicionais: {'N001': 'j knlm', 'S001': 'hjbknlm', 'S003': 'bj', 'D001': '26 de março de 2024', 'D002': '26/03/2024', 'S005': 'nk', 'C001': 'jnklmç', 'H001': 'nlkmç', 'D003': '26/03/2024', 'V001': '~mnmlç', 'T001': 'Remoto'}
2024-03-26 15:03:08,646 - ERROR - Nem todos os códigos de módulo estão presentes em 'referencias'.
2024-03-26 15:03:08,646 - INFO - Tabela atualizada com campos novos
2024-03-26 15:03:09,848 - INFO - Documento salvo com sucesso em: C:/Users/Mateus Mayer/Downloads/teste.docx
2024-03-26 15:08:00,142 - INFO - Abrindo diálogo para escolher o local de salvamento
2024-03-26 15:08:05,993 - INFO - Caminho de salvamento escolhido: C:/Users/Mateus Mayer/Downloads/teste.docx
2024-03-26 15:08:05,994 - INFO - Cópia realizada
2024-03-26 15:08:06,016 - INFO - Documento de cópia aberto para edição com sucesso
2024-03-26 15:08:06,025 - INFO - Novos módulos dinâmicos adicionados: {'N001': 'vvbjkk', 'S001': 'jkbj', 'S003': 'bjkjl', 'D001': '26 de março de 2024', 'D002': '26/03/2024', 'S005': 'objnk', 'C001': 'kl', 'H001': 'bn,kl', 'D003': '26/03/2024', 'V001': 'mn,kl', 'T001': 'Remoto'}
2024-03-26 15:08:06,025 - INFO - Referencias campos adicionais: {'N001': 'vvbjkk', 'S001': 'jkbj', 'S003': 'bjkjl', 'D001': '26 de março de 2024', 'D002': '26/03/2024', 'S005': 'objnk', 'C001': 'kl', 'H001': 'bn,kl', 'D003': '26/03/2024', 'V001': 'mn,kl', 'T001': 'Remoto'}
2024-03-26 15:08:06,360 - ERROR - Nem todos os códigos de módulo estão presentes em 'referencias'.
2024-03-26 15:08:06,361 - INFO - Tabela atualizada com campos novos
2024-03-26 15:08:07,569 - INFO - Documento salvo com sucesso em: C:/Users/Mateus Mayer/Downloads/teste.docx
2024-03-26 15:18:39,628 - INFO - def add_dynamic_module(): Número máximo de 5 módulos atingido.
2024-03-26 15:19:13,945 - INFO - def add_dynamic_module(): Número máximo de 5 módulos atingido.
2024-03-26 15:21:08,187 - INFO - def add_dynamic_module(): Número máximo de 5 módulos atingido.
2024-03-26 15:22:21,530 - INFO - def add_dynamic_module(): Número máximo de 5 módulos atingido.
2024-03-26 15:25:01,955 - INFO - def add_dynamic_module(): Número máximo de 5 módulos atingido.
2024-03-26 15:25:38,744 - INFO - Abrindo diálogo para escolher o local de salvamento
2024-03-26 15:25:44,955 - INFO - Caminho de salvamento escolhido: C:/Users/Mateus Mayer/Downloads/teste.docx
2024-03-26 15:25:44,956 - INFO - Cópia realizada
2024-03-26 15:25:44,975 - INFO - Documento de cópia aberto para edição com sucesso
2024-03-26 15:25:44,985 - ERROR - Erro ao atribuir as referências dos novos módulos: name 'converter_formato_americano_para_brasileiro' is not defined
2024-03-26 15:26:20,458 - INFO - Abrindo diálogo para escolher o local de salvamento
2024-03-26 15:26:26,516 - INFO - Caminho de salvamento escolhido: C:/Users/Mateus Mayer/Downloads/teste.docx
2024-03-26 15:26:26,517 - INFO - Cópia realizada
2024-03-26 15:26:26,534 - INFO - Documento de cópia aberto para edição com sucesso
2024-03-26 15:26:26,534 - ERROR - Erro ao atribuir as referências dos novos módulos: name 'converter_formato_americano_para_brasileiro' is not defined
2024-03-26 15:28:02,614 - INFO - Abrindo diálogo para escolher o local de salvamento
2024-03-26 15:28:11,483 - INFO - Caminho de salvamento escolhido: C:/Users/Mateus Mayer/Downloads/teste.docx
2024-03-26 15:28:11,485 - INFO - Cópia realizada
2024-03-26 15:28:11,503 - INFO - Documento de cópia aberto para edição com sucesso
2024-03-26 15:28:11,511 - INFO - Novos módulos dinâmicos adicionados: {'N001': '123456', 'S001': 'Mateus Mayer', 'S003': 'Algo', 'D001': '26 de março de 2024', 'D002': '26/03/2024', 'S005': 'Karina', 'C001': 'MM', 'H001': '50', 'D003': '18/01/2000', 'V001': '100,00', 'T001': 'Remoto', 'C002': 'SD', 'H002': '18/01/2000', 'D004': '500', 'V002': '1000,00', 'T002': 'Remoto', 'C003': 'ABAP', 'H003': '18/01/2000', 'D005': '5000', 'V003': '10000,00', 'T003': 'Remoto'}
2024-03-26 15:28:11,511 - INFO - Referencias campos adicionais: {'N001': '123456', 'S001': 'Mateus Mayer', 'S003': 'Algo', 'D001': '26 de março de 2024', 'D002': '26/03/2024', 'S005': 'Karina', 'C001': 'MM', 'H001': '50', 'D003': '18/01/2000', 'V001': '100,00', 'T001': 'Remoto', 'C002': 'SD', 'H002': '18/01/2000', 'D004': '500', 'V002': '1000,00', 'T002': 'Remoto', 'C003': 'ABAP', 'H003': '18/01/2000', 'D005': '5000', 'V003': '10000,00', 'T003': 'Remoto'}
2024-03-26 15:28:12,112 - ERROR - Nem todos os códigos de módulo estão presentes em 'referencias'.
2024-03-26 15:28:12,112 - INFO - Tabela atualizada com campos novos
2024-03-26 15:28:13,259 - INFO - Documento salvo com sucesso em: C:/Users/Mateus Mayer/Downloads/teste.docx
2024-03-26 16:20:44,546 - INFO - Abrindo diálogo para escolher o local de salvamento
2024-03-26 16:20:54,193 - INFO - Caminho de salvamento escolhido: C:/Users/Mateus Mayer/Downloads/teste.docx
2024-03-26 16:20:54,195 - INFO - Cópia realizada
2024-03-26 16:20:54,228 - INFO - Documento de cópia aberto para edição com sucesso
2024-03-26 16:20:54,242 - INFO - Novos módulos dinâmicos adicionados: {'N001': 'hbiohjp', 'S001': 'biihooj', 'S003': 'bijo', 'D001': '26 de março de 2024', 'D002': '26/03/2024', 'S005': 'hpjbou', 'C001': 'ihopj', 'H001': 'bjohipj', 'D003': 'hjbohipj', 'V001': 'bjkhjop', 'T001': 'Remoto', 'C002': 'ivuygihou', 'H002': 'vhlibuoçhj', 'D004': 'hbkjhij', 'V002': 'bhjkliho', 'T002': 'Híbrido', 'C003': 'jhvbjohi', 'H003': 'hvlbohijpo', 'D005': 'bkjhijo', 'V003': 'bjkljo', 'T003': 'Presencial'}
2024-03-26 16:20:54,242 - INFO - Referencias campos adicionais: {'N001': 'hbiohjp', 'S001': 'biihooj', 'S003': 'bijo', 'D001': '26 de março de 2024', 'D002': '26/03/2024', 'S005': 'hpjbou', 'C001': 'ihopj', 'H001': 'bjohipj', 'D003': 'hjbohipj', 'V001': 'bjkhjop', 'T001': 'Remoto', 'C002': 'ivuygihou', 'H002': 'vhlibuoçhj', 'D004': 'hbkjhij', 'V002': 'bhjkliho', 'T002': 'Híbrido', 'C003': 'jhvbjohi', 'H003': 'hvlbohijpo', 'D005': 'bkjhijo', 'V003': 'bjkljo', 'T003': 'Presencial'}
2024-03-26 16:20:54,941 - ERROR - Nem todos os códigos de módulo estão presentes em 'referencias'.
2024-03-26 16:20:54,941 - INFO - Tabela atualizada com campos novos
2024-03-26 16:20:56,574 - INFO - Documento salvo com sucesso em: C:/Users/Mateus Mayer/Downloads/teste.docx
2024-03-26 16:30:52,296 - INFO - Abrindo diálogo para escolher o local de salvamento
2024-03-26 16:30:58,039 - INFO - Caminho de salvamento escolhido: C:/Users/Mateus Mayer/Downloads/teste.docx
2024-03-26 16:30:58,046 - INFO - Cópia realizada
2024-03-26 16:30:58,064 - INFO - Documento de cópia aberto para edição com sucesso
2024-03-26 16:30:58,064 - INFO - Novos módulos dinâmicos adicionados: {'N001': 'hbiohjp', 'S001': 'biihooj', 'S003': 'bijo', 'D001': '26 de março de 2024', 'D002': '26/03/2024', 'S005': 'hpjbou', 'C001': 'ihopj', 'H001': 'bjohipj', 'D003': 'hjbohipj', 'V001': 'bjkhjop', 'T001': 'Remoto', 'C002': 'ivuygihou', 'H002': 'vhlibuoçhj', 'D004': 'hbkjhij', 'V002': 'bhjkliho', 'T002': 'Híbrido', 'C003': 'jhvbjohi', 'H003': 'hvlbohijpo', 'D005': 'bkjhijo', 'V003': 'bjkljo', 'T003': 'Presencial'}
2024-03-26 16:30:58,065 - INFO - Referencias campos adicionais: {'N001': 'hbiohjp', 'S001': 'biihooj', 'S003': 'bijo', 'D001': '26 de março de 2024', 'D002': '26/03/2024', 'S005': 'hpjbou', 'C001': 'ihopj', 'H001': 'bjohipj', 'D003': 'hjbohipj', 'V001': 'bjkhjop', 'T001': 'Remoto', 'C002': 'ivuygihou', 'H002': 'vhlibuoçhj', 'D004': 'hbkjhij', 'V002': 'bhjkliho', 'T002': 'Híbrido', 'C003': 'jhvbjohi', 'H003': 'hvlbohijpo', 'D005': 'bkjhijo', 'V003': 'bjkljo', 'T003': 'Presencial'}
2024-03-26 16:30:58,667 - ERROR - Nem todos os códigos de módulo estão presentes em 'referencias'.
2024-03-26 16:30:58,667 - INFO - Tabela atualizada com campos novos
2024-03-26 16:30:59,596 - INFO - Documento salvo com sucesso em: C:/Users/Mateus Mayer/Downloads/teste.docx
2024-03-26 16:39:23,317 - INFO - Abrindo diálogo para escolher o local de salvamento
2024-03-26 16:39:38,906 - INFO - Caminho de salvamento escolhido: C:/Users/Mateus Mayer/Downloads/teste.docx
2024-03-26 16:39:38,907 - INFO - Cópia realizada
2024-03-26 16:39:38,927 - INFO - Documento de cópia aberto para edição com sucesso
2024-03-26 16:39:38,927 - INFO - Novos módulos dinâmicos adicionados: {'N001': 'hbiohjp', 'S001': 'biihooj', 'S003': 'bijo', 'D001': '26 de março de 2024', 'D002': '26/03/2024', 'S005': 'hpjbou', 'C001': 'ihopj', 'H001': 'bjohipj', 'D003': 'hjbohipj', 'V001': 'bjkhjop', 'T001': 'Remoto', 'C002': 'ivuygihou', 'H002': 'vhlibuoçhj', 'D004': 'hbkjhij', 'V002': 'bhjkliho', 'T002': 'Híbrido', 'C003': 'jhvbjohi', 'H003': 'hvlbohijpo', 'D005': 'bkjhijo', 'V003': 'bjkljo', 'T003': 'Presencial', 'C004': 'jkkl', 'H004': 'jopk', 'D006': 'jknlk', 'V004': 'kjnl', 'T004': 'Remoto', 'C005': 'kjnm', 'H005': 'ijonk', 'D007': ' jbknl', 'V005': 'nb', 'T005': 'Remoto'}
2024-03-26 16:39:38,927 - INFO - Referencias campos adicionais: {'N001': 'hbiohjp', 'S001': 'biihooj', 'S003': 'bijo', 'D001': '26 de março de 2024', 'D002': '26/03/2024', 'S005': 'hpjbou', 'C001': 'ihopj', 'H001': 'bjohipj', 'D003': 'hjbohipj', 'V001': 'bjkhjop', 'T001': 'Remoto', 'C002': 'ivuygihou', 'H002': 'vhlibuoçhj', 'D004': 'hbkjhij', 'V002': 'bhjkliho', 'T002': 'Híbrido', 'C003': 'jhvbjohi', 'H003': 'hvlbohijpo', 'D005': 'bkjhijo', 'V003': 'bjkljo', 'T003': 'Presencial', 'C004': 'jkkl', 'H004': 'jopk', 'D006': 'jknlk', 'V004': 'kjnl', 'T004': 'Remoto', 'C005': 'kjnm', 'H005': 'ijonk', 'D007': ' jbknl', 'V005': 'nb', 'T005': 'Remoto'}
2024-03-26 16:39:39,742 - INFO - Tabela atualizada com campos novos
2024-03-26 16:39:41,467 - INFO - Documento salvo com sucesso em: C:/Users/Mateus Mayer/Downloads/teste.docx
2024-03-26 16:43:18,391 - INFO - Abrindo diálogo para escolher o local de salvamento
2024-03-26 16:43:25,200 - INFO - Caminho de salvamento escolhido: C:/Users/Mateus Mayer/Downloads/teste.docx
2024-03-26 16:43:25,204 - INFO - Cópia realizada
2024-03-26 16:43:25,224 - INFO - Documento de cópia aberto para edição com sucesso
2024-03-26 16:43:25,235 - INFO - Novos módulos dinâmicos adicionados: {'N001': '1234', 'S001': 'PRIO', 'S003': 'Teste', 'D001': '26 de março de 2024', 'D002': '26/03/2024', 'S005': 'Karina Freitas', 'C001': 'MM', 'H001': '25', 'D003': '18/01/2000', 'V001': '30,00', 'T001': 'Remoto', 'C002': 'ABAP', 'H002': '17/08/2024', 'D004': '27', 'V002': '50,00', 'T002': 'Presencial'}
2024-03-26 16:43:25,235 - INFO - Referencias campos adicionais: {'N001': '1234', 'S001': 'PRIO', 'S003': 'Teste', 'D001': '26 de março de 2024', 'D002': '26/03/2024', 'S005': 'Karina Freitas', 'C001': 'MM', 'H001': '25', 'D003': '18/01/2000', 'V001': '30,00', 'T001': 'Remoto', 'C002': 'ABAP', 'H002': '17/08/2024', 'D004': '27', 'V002': '50,00', 'T002': 'Presencial'}
2024-03-26 16:43:25,724 - ERROR - Nem todos os códigos de módulo estão presentes em 'referencias'.
2024-03-26 16:43:25,724 - INFO - Tabela atualizada com campos novos
2024-03-26 16:43:26,791 - INFO - Documento salvo com sucesso em: C:/Users/Mateus Mayer/Downloads/teste.docx
2024-03-26 16:47:22,035 - INFO - Widgets: [None, <tkinter.Entry object .!frame.!frame.!entry9>]
2024-03-26 16:47:22,036 - INFO - Widgets: [None, <tkinter.Entry object .!frame.!frame.!entry9>, None, <tkinter.Entry object .!frame.!frame.!entry10>]
2024-03-26 16:47:22,038 - INFO - Widgets: [None, <tkinter.Entry object .!frame.!frame.!entry9>, None, <tkinter.Entry object .!frame.!frame.!entry10>, None, <tkinter.Entry object .!frame.!frame.!entry11>]
2024-03-26 16:47:22,038 - INFO - Widgets: [None, <tkinter.Entry object .!frame.!frame.!entry9>, None, <tkinter.Entry object .!frame.!frame.!entry10>, None, <tkinter.Entry object .!frame.!frame.!entry11>, None, <tkinter.Entry object .!frame.!frame.!entry12>]
2024-03-26 17:04:09,333 - INFO - Widgets: [None, <tkinter.Entry object .!frame.!frame.!entry9>]
2024-03-26 17:04:09,339 - INFO - Widgets: [None, <tkinter.Entry object .!frame.!frame.!entry9>, None, <tkinter.Entry object .!frame.!frame.!entry10>]
2024-03-26 17:04:09,339 - INFO - Widgets: [None, <tkinter.Entry object .!frame.!frame.!entry9>, None, <tkinter.Entry object .!frame.!frame.!entry10>, None, <tkinter.Entry object .!frame.!frame.!entry11>]
2024-03-26 17:04:09,340 - INFO - Widgets: [None, <tkinter.Entry object .!frame.!frame.!entry9>, None, <tkinter.Entry object .!frame.!frame.!entry10>, None, <tkinter.Entry object .!frame.!frame.!entry11>, None, <tkinter.Entry object .!frame.!frame.!entry12>]
2024-03-26 17:04:48,304 - INFO - Widgets: [None, <tkinter.Entry object .!frame.!frame.!entry13>]
2024-03-26 17:04:48,305 - INFO - Widgets: [None, <tkinter.Entry object .!frame.!frame.!entry13>, None, <tkinter.Entry object .!frame.!frame.!entry14>]
2024-03-26 17:04:48,306 - INFO - Widgets: [None, <tkinter.Entry object .!frame.!frame.!entry13>, None, <tkinter.Entry object .!frame.!frame.!entry14>, None, <tkinter.Entry object .!frame.!frame.!entry15>]
2024-03-26 17:04:48,306 - INFO - Widgets: [None, <tkinter.Entry object .!frame.!frame.!entry13>, None, <tkinter.Entry object .!frame.!frame.!entry14>, None, <tkinter.Entry object .!frame.!frame.!entry15>, None, <tkinter.Entry object .!frame.!frame.!entry16>]
2024-03-26 17:05:07,501 - INFO - Abrindo diálogo para escolher o local de salvamento
2024-03-26 17:05:18,161 - INFO - Caminho de salvamento escolhido: C:/Users/Mateus Mayer/Downloads/teste.docx
2024-03-26 17:05:18,166 - INFO - Cópia realizada
2024-03-26 17:05:18,191 - INFO - Documento de cópia aberto para edição com sucesso
2024-03-26 17:05:18,204 - INFO - Novos módulos dinâmicos adicionados: {'N001': '12345', 'S001': 'PRIO', 'S003': 'Fazer Algo', 'D001': '26 de março de 2024', 'D002': '26/03/2024', 'S005': 'Karina Freitas', 'C001': 'MM', 'H001': '25', 'D003': '18/01/2024', 'V001': '55,00', 'T001': 'Remoto', 'C002': 'SD', 'H002': '27', 'D004': '19/02/2024', 'V002': '75,00', 'T002': 'Presencial', 'C003': 'ABAP', 'H003': '28', 'D005': '20/03/2024', 'V003': '100,00', 'T003': 'Híbrido'}
2024-03-26 17:05:18,204 - INFO - Referencias campos adicionais: {'N001': '12345', 'S001': 'PRIO', 'S003': 'Fazer Algo', 'D001': '26 de março de 2024', 'D002': '26/03/2024', 'S005': 'Karina Freitas', 'C001': 'MM', 'H001': '25', 'D003': '18/01/2024', 'V001': '55,00', 'T001': 'Remoto', 'C002': 'SD', 'H002': '27', 'D004': '19/02/2024', 'V002': '75,00', 'T002': 'Presencial', 'C003': 'ABAP', 'H003': '28', 'D005': '20/03/2024', 'V003': '100,00', 'T003': 'Híbrido'}
2024-03-26 17:05:18,813 - ERROR - Nem todos os códigos de módulo estão presentes em 'referencias'.
2024-03-26 17:05:18,814 - INFO - Tabela atualizada com campos novos
2024-03-26 17:05:19,824 - INFO - Documento salvo com sucesso em: C:/Users/Mateus Mayer/Downloads/teste.docx
2024-03-26 17:11:35,092 - INFO - Abrindo diálogo para escolher o local de salvamento
2024-03-26 17:11:40,676 - INFO - Caminho de salvamento escolhido: C:/Users/Mateus Mayer/Downloads/teste.docx
2024-03-26 17:11:40,677 - INFO - Cópia realizada
2024-03-26 17:11:40,693 - INFO - Documento de cópia aberto para edição com sucesso
2024-03-26 17:11:40,694 - INFO - Novos módulos dinâmicos adicionados: {'N001': '12345', 'S001': 'PRIO', 'S003': 'Fazer Algo', 'D001': '26 de março de 2024', 'D002': '26/03/2024', 'S005': 'Karina Freitas', 'C001': 'MM', 'H001': '25', 'D003': '18/01/2024', 'V001': '55,00', 'T001': 'Remoto', 'C002': 'SD', 'H002': '27', 'D004': '19/02/2024', 'V002': '75,00', 'T002': 'Presencial', 'C003': 'ABAP', 'H003': '28', 'D005': '20/03/2024', 'V003': '100,00', 'T003': 'Híbrido'}
2024-03-26 17:11:40,694 - INFO - Referencias campos adicionais: {'N001': '12345', 'S001': 'PRIO', 'S003': 'Fazer Algo', 'D001': '26 de março de 2024', 'D002': '26/03/2024', 'S005': 'Karina Freitas', 'C001': 'MM', 'H001': '25', 'D003': '18/01/2024', 'V001': '55,00', 'T001': 'Remoto', 'C002': 'SD', 'H002': '27', 'D004': '19/02/2024', 'V002': '75,00', 'T002': 'Presencial', 'C003': 'ABAP', 'H003': '28', 'D005': '20/03/2024', 'V003': '100,00', 'T003': 'Híbrido'}
2024-03-26 17:11:41,283 - ERROR - Nem todos os códigos de módulo estão presentes em 'referencias'.
2024-03-26 17:11:41,284 - INFO - Tabela atualizada com campos novos
2024-03-26 17:11:42,482 - INFO - Documento salvo com sucesso em: C:/Users/Mateus Mayer/Downloads/teste.docx
2024-03-26 17:16:45,718 - INFO - Abrindo diálogo para escolher o local de salvamento
2024-03-26 17:16:51,109 - INFO - Caminho de salvamento escolhido: C:/Users/Mateus Mayer/Downloads/teste.docx
2024-03-26 17:16:51,110 - INFO - Cópia realizada
2024-03-26 17:16:51,130 - INFO - Documento de cópia aberto para edição com sucesso
2024-03-26 17:16:51,138 - INFO - Novos módulos dinâmicos adicionados: {'N001': 'TESTE', 'S001': 'TESTE', 'S003': 'TESTE', 'D001': '26 de março de 2024', 'D002': '26/03/2024', 'S005': 'TESTE', 'C001': 'TESTETESTE', 'H001': 'TESTE', 'D003': 'TESTE', 'V001': 'TESTE', 'T001': 'Remoto'}
2024-03-26 17:16:51,138 - INFO - Referencias campos adicionais: {'N001': 'TESTE', 'S001': 'TESTE', 'S003': 'TESTE', 'D001': '26 de março de 2024', 'D002': '26/03/2024', 'S005': 'TESTE', 'C001': 'TESTETESTE', 'H001': 'TESTE', 'D003': 'TESTE', 'V001': 'TESTE', 'T001': 'Remoto'}
2024-03-26 17:16:51,503 - ERROR - Nem todos os códigos de módulo estão presentes em 'referencias'.
2024-03-26 17:16:51,503 - INFO - Tabela atualizada com campos novos
2024-03-26 17:16:58,974 - ERROR - Erro ao salvar o documento
2024-03-26 17:17:00,720 - INFO - Abrindo diálogo para escolher o local de salvamento
2024-03-26 17:17:06,226 - INFO - Caminho de salvamento escolhido: C:/Users/Mateus Mayer/Downloads/teste.docx
2024-03-26 17:17:06,227 - INFO - Cópia realizada
2024-03-26 17:17:06,245 - INFO - Documento de cópia aberto para edição com sucesso
2024-03-26 17:17:06,245 - INFO - Novos módulos dinâmicos adicionados: {'N001': 'TESTE', 'S001': 'TESTE', 'S003': 'TESTE', 'D001': '26 de março de 2024', 'D002': '26/03/2024', 'S005': 'TESTE', 'C001': 'TESTETESTE', 'H001': 'TESTE', 'D003': 'TESTE', 'V001': 'TESTE', 'T001': 'Remoto'}
2024-03-26 17:17:06,246 - INFO - Referencias campos adicionais: {'N001': 'TESTE', 'S001': 'TESTE', 'S003': 'TESTE', 'D001': '26 de março de 2024', 'D002': '26/03/2024', 'S005': 'TESTE', 'C001': 'TESTETESTE', 'H001': 'TESTE', 'D003': 'TESTE', 'V001': 'TESTE', 'T001': 'Remoto'}
2024-03-26 17:17:06,597 - ERROR - Nem todos os códigos de módulo estão presentes em 'referencias'.
2024-03-26 17:17:06,597 - INFO - Tabela atualizada com campos novos
2024-03-26 17:17:07,628 - INFO - Documento salvo com sucesso em: C:/Users/Mateus Mayer/Downloads/teste.docx
2024-03-27 11:26:55,057 - INFO - Widgets: [None, <tkinter.Entry object .!frame.!frame.!entry9>]
2024-03-27 11:26:55,061 - INFO - Widgets: [None, <tkinter.Entry object .!frame.!frame.!entry9>, None, <tkinter.Entry object .!frame.!frame.!entry10>]
2024-03-27 11:26:55,062 - INFO - Widgets: [None, <tkinter.Entry object .!frame.!frame.!entry9>, None, <tkinter.Entry object .!frame.!frame.!entry10>, None, <tkinter.Entry object .!frame.!frame.!entry11>]
2024-03-27 11:26:55,062 - INFO - Widgets: [None, <tkinter.Entry object .!frame.!frame.!entry9>, None, <tkinter.Entry object .!frame.!frame.!entry10>, None, <tkinter.Entry object .!frame.!frame.!entry11>, None, <tkinter.Entry object .!frame.!frame.!entry12>]
2024-03-27 11:27:04,523 - INFO - Widgets: [None, <tkinter.Entry object .!frame.!frame.!entry13>]
2024-03-27 11:27:04,524 - INFO - Widgets: [None, <tkinter.Entry object .!frame.!frame.!entry13>, None, <tkinter.Entry object .!frame.!frame.!entry14>]
2024-03-27 11:27:04,524 - INFO - Widgets: [None, <tkinter.Entry object .!frame.!frame.!entry13>, None, <tkinter.Entry object .!frame.!frame.!entry14>, None, <tkinter.Entry object .!frame.!frame.!entry15>]
2024-03-27 11:27:04,524 - INFO - Widgets: [None, <tkinter.Entry object .!frame.!frame.!entry13>, None, <tkinter.Entry object .!frame.!frame.!entry14>, None, <tkinter.Entry object .!frame.!frame.!entry15>, None, <tkinter.Entry object .!frame.!frame.!entry16>]
2024-03-27 11:27:12,440 - INFO - Abrindo diálogo para escolher o local de salvamento
2024-03-27 11:27:21,624 - INFO - Caminho de salvamento escolhido: C:/Users/Mateus Mayer/Downloads/teste.docx
2024-03-27 11:27:21,628 - INFO - Cópia realizada
2024-03-27 11:27:21,669 - INFO - Documento de cópia aberto para edição com sucesso
2024-03-27 11:27:21,710 - INFO - Novos módulos dinâmicos adicionados: {'N001': '12135', 'S001': 'hijoij0', 'S003': 'jbionijp', 'D001': '27 de março de 2024', 'D002': '27/03/2024', 'S005': 'bjk', 'C001': 'kjop', 'H001': 'jbonip', 'D003': 'jnjo', 'V001': 'nkjo', 'T001': 'Remoto', 'C002': 'hijo', 'H002': 'ohij', 'D004': 'hbjjiobj', 'V002': 'nijopk', 'T002': 'Remoto', 'C003': 'hbiuoijo', 'H003': 'boipjo', 'D005': 'bjoijp', 'V003': 'kjbnk', 'T003': 'Presencial'}
2024-03-27 11:27:21,710 - INFO - Referencias campos adicionais: {'N001': '12135', 'S001': 'hijoij0', 'S003': 'jbionijp', 'D001': '27 de março de 2024', 'D002': '27/03/2024', 'S005': 'bjk', 'C001': 'kjop', 'H001': 'jbonip', 'D003': 'jnjo', 'V001': 'nkjo', 'T001': 'Remoto', 'C002': 'hijo', 'H002': 'ohij', 'D004': 'hbjjiobj', 'V002': 'nijopk', 'T002': 'Remoto', 'C003': 'hbiuoijo', 'H003': 'boipjo', 'D005': 'bjoijp', 'V003': 'kjbnk', 'T003': 'Presencial'}
2024-03-27 11:27:22,388 - ERROR - Nem todos os códigos de módulo estão presentes em 'referencias'.
2024-03-27 11:27:22,391 - ERROR - Nem todos os códigos de módulo estão presentes em 'referencias'.
2024-03-27 11:27:22,391 - INFO - Tabela atualizada com campos novos
2024-03-27 11:27:23,444 - INFO - Documento salvo com sucesso em: C:/Users/Mateus Mayer/Downloads/teste.docx
2024-03-27 11:43:51,489 - INFO - Widgets: [None, <tkinter.Entry object .!frame.!frame.!entry9>]
2024-03-27 11:43:51,494 - INFO - Widgets: [None, <tkinter.Entry object .!frame.!frame.!entry9>, None, <tkinter.Entry object .!frame.!frame.!entry10>]
2024-03-27 11:43:51,495 - INFO - Widgets: [None, <tkinter.Entry object .!frame.!frame.!entry9>, None, <tkinter.Entry object .!frame.!frame.!entry10>, None, <tkinter.Entry object .!frame.!frame.!entry11>]
2024-03-27 11:43:51,495 - INFO - Widgets: [None, <tkinter.Entry object .!frame.!frame.!entry9>, None, <tkinter.Entry object .!frame.!frame.!entry10>, None, <tkinter.Entry object .!frame.!frame.!entry11>, None, <tkinter.Entry object .!frame.!frame.!entry12>]
2024-03-27 11:44:07,301 - INFO - Widgets: [None, <tkinter.Entry object .!frame.!frame.!entry13>]
2024-03-27 11:44:07,302 - INFO - Widgets: [None, <tkinter.Entry object .!frame.!frame.!entry13>, None, <tkinter.Entry object .!frame.!frame.!entry14>]
2024-03-27 11:44:07,302 - INFO - Widgets: [None, <tkinter.Entry object .!frame.!frame.!entry13>, None, <tkinter.Entry object .!frame.!frame.!entry14>, None, <tkinter.Entry object .!frame.!frame.!entry15>]
2024-03-27 11:44:07,302 - INFO - Widgets: [None, <tkinter.Entry object .!frame.!frame.!entry13>, None, <tkinter.Entry object .!frame.!frame.!entry14>, None, <tkinter.Entry object .!frame.!frame.!entry15>, None, <tkinter.Entry object .!frame.!frame.!entry16>]
2024-03-27 11:45:46,710 - INFO - Abrindo diálogo para escolher o local de salvamento
2024-03-27 11:45:53,189 - INFO - Caminho de salvamento escolhido: C:/Users/Mateus Mayer/Downloads/teste.docx
2024-03-27 11:45:53,191 - INFO - Cópia realizada
2024-03-27 11:45:53,229 - INFO - Documento de cópia aberto para edição com sucesso
2024-03-27 11:45:53,240 - INFO - Novos módulos dinâmicos adicionados: {'N001': '1234', 'S001': 'PRIO', 'S003': 'Criar algo', 'D001': '27 de março de 2024', 'D002': '27/03/2024', 'S005': 'Karina Freitas', 'C001': 'SD', 'H001': '50', 'D003': '18/01/2025', 'V001': '50,00', 'T001': 'Remoto', 'C002': 'ABAP', 'H002': '100', 'D004': '18/01/2024', 'V002': '100,00', 'T002': 'Presencial', 'C003': 'MM', 'H003': '70', 'D005': '18/01/2026', 'V003': '200,00', 'T003': 'Híbrido'}
2024-03-27 11:45:53,241 - INFO - Referencias campos adicionais: {'N001': '1234', 'S001': 'PRIO', 'S003': 'Criar algo', 'D001': '27 de março de 2024', 'D002': '27/03/2024', 'S005': 'Karina Freitas', 'C001': 'SD', 'H001': '50', 'D003': '18/01/2025', 'V001': '50,00', 'T001': 'Remoto', 'C002': 'ABAP', 'H002': '100', 'D004': '18/01/2024', 'V002': '100,00', 'T002': 'Presencial', 'C003': 'MM', 'H003': '70', 'D005': '18/01/2026', 'V003': '200,00', 'T003': 'Híbrido'}
2024-03-27 11:45:53,885 - ERROR - Nem todos os códigos de módulo estão presentes em 'referencias'.
2024-03-27 11:45:53,887 - ERROR - Nem todos os códigos de módulo estão presentes em 'referencias'.
2024-03-27 11:45:53,887 - ERROR - Nem todos os códigos de módulo estão presentes em 'referencias'.
2024-03-27 11:45:53,887 - INFO - Tabela atualizada com campos novos
2024-03-27 11:45:55,463 - INFO - Documento salvo com sucesso em: C:/Users/Mateus Mayer/Downloads/teste.docx
2024-03-27 14:33:13,881 - INFO - Widgets: [None, <tkinter.Entry object .!frame.!frame.!entry9>]
2024-03-27 14:33:13,883 - INFO - Widgets: [None, <tkinter.Entry object .!frame.!frame.!entry9>, None, <tkinter.Entry object .!frame.!frame.!entry10>]
2024-03-27 14:33:13,884 - INFO - Widgets: [None, <tkinter.Entry object .!frame.!frame.!entry9>, None, <tkinter.Entry object .!frame.!frame.!entry10>, None, <tkinter.Entry object .!frame.!frame.!entry11>]
2024-03-27 14:33:13,884 - INFO - Widgets: [None, <tkinter.Entry object .!frame.!frame.!entry9>, None, <tkinter.Entry object .!frame.!frame.!entry10>, None, <tkinter.Entry object .!frame.!frame.!entry11>, None, <tkinter.Entry object .!frame.!frame.!entry12>]
2024-03-27 14:33:15,237 - INFO - Widgets: [None, <tkinter.Entry object .!frame.!frame.!entry13>]
2024-03-27 14:33:15,238 - INFO - Widgets: [None, <tkinter.Entry object .!frame.!frame.!entry13>, None, <tkinter.Entry object .!frame.!frame.!entry14>]
2024-03-27 14:33:15,238 - INFO - Widgets: [None, <tkinter.Entry object .!frame.!frame.!entry13>, None, <tkinter.Entry object .!frame.!frame.!entry14>, None, <tkinter.Entry object .!frame.!frame.!entry15>]
2024-03-27 14:33:15,238 - INFO - Widgets: [None, <tkinter.Entry object .!frame.!frame.!entry13>, None, <tkinter.Entry object .!frame.!frame.!entry14>, None, <tkinter.Entry object .!frame.!frame.!entry15>, None, <tkinter.Entry object .!frame.!frame.!entry16>]
2024-03-27 14:33:35,485 - INFO - Widgets: [None, <tkinter.Entry object .!frame.!frame.!entry17>]
2024-03-27 14:33:35,486 - INFO - Widgets: [None, <tkinter.Entry object .!frame.!frame.!entry17>, None, <tkinter.Entry object .!frame.!frame.!entry18>]
2024-03-27 14:33:35,486 - INFO - Widgets: [None, <tkinter.Entry object .!frame.!frame.!entry17>, None, <tkinter.Entry object .!frame.!frame.!entry18>, None, <tkinter.Entry object .!frame.!frame.!entry19>]
2024-03-27 14:33:35,487 - INFO - Widgets: [None, <tkinter.Entry object .!frame.!frame.!entry17>, None, <tkinter.Entry object .!frame.!frame.!entry18>, None, <tkinter.Entry object .!frame.!frame.!entry19>, None, <tkinter.Entry object .!frame.!frame.!entry20>]
2024-03-27 14:33:36,537 - INFO - Widgets: [None, <tkinter.Entry object .!frame.!frame.!entry21>]
2024-03-27 14:33:36,538 - INFO - Widgets: [None, <tkinter.Entry object .!frame.!frame.!entry21>, None, <tkinter.Entry object .!frame.!frame.!entry22>]
2024-03-27 14:33:36,538 - INFO - Widgets: [None, <tkinter.Entry object .!frame.!frame.!entry21>, None, <tkinter.Entry object .!frame.!frame.!entry22>, None, <tkinter.Entry object .!frame.!frame.!entry23>]
2024-03-27 14:33:36,539 - INFO - Widgets: [None, <tkinter.Entry object .!frame.!frame.!entry21>, None, <tkinter.Entry object .!frame.!frame.!entry22>, None, <tkinter.Entry object .!frame.!frame.!entry23>, None, <tkinter.Entry object .!frame.!frame.!entry24>]
2024-03-27 14:33:38,788 - INFO - def add_dynamic_module(): Número máximo de 5 módulos atingido.
2024-03-27 14:34:29,544 - INFO - Abrindo diálogo para escolher o local de salvamento
2024-03-27 14:34:37,494 - INFO - Caminho de salvamento escolhido: C:/Users/Mateus Mayer/Downloads/teste.docx
2024-03-27 14:34:37,500 - INFO - Cópia realizada
2024-03-27 14:34:37,532 - INFO - Documento de cópia aberto para edição com sucesso
2024-03-27 14:34:37,559 - INFO - Novos módulos dinâmicos adicionados: {'N001': '1234', 'S001': 'PRIO', 'S003': 'TESTE', 'D001': '27 de março de 2024', 'D002': '27/03/2024', 'S005': 'Karina', 'C001': 'ABAP', 'H001': '50', 'D003': '18/02/2000', 'V001': '55,00', 'T001': 'Remoto', 'C002': 'MM', 'H002': '70', 'D004': '18/02/2023', 'V002': '75,00', 'T002': 'Híbrido', 'C003': 'SD', 'H003': '30', 'D005': '18/02/2024', 'V003': '88,00', 'T003': 'Presencial', 'C004': 'FI', 'H004': '20', 'D006': '18/02/2025', 'V004': '35,00', 'T004': 'Híbrido', 'C005': 'CO', 'H005': '70', 'D007': '18/02/2026', 'V005': '77,00', 'T005': 'Remoto'}
2024-03-27 14:34:37,559 - INFO - Referencias campos adicionais: {'N001': '1234', 'S001': 'PRIO', 'S003': 'TESTE', 'D001': '27 de março de 2024', 'D002': '27/03/2024', 'S005': 'Karina', 'C001': 'ABAP', 'H001': '50', 'D003': '18/02/2000', 'V001': '55,00', 'T001': 'Remoto', 'C002': 'MM', 'H002': '70', 'D004': '18/02/2023', 'V002': '75,00', 'T002': 'Híbrido', 'C003': 'SD', 'H003': '30', 'D005': '18/02/2024', 'V003': '88,00', 'T003': 'Presencial', 'C004': 'FI', 'H004': '20', 'D006': '18/02/2025', 'V004': '35,00', 'T004': 'Híbrido', 'C005': 'CO', 'H005': '70', 'D007': '18/02/2026', 'V005': '77,00', 'T005': 'Remoto'}
2024-03-27 14:34:38,436 - INFO - Tabela atualizada com campos novos
2024-03-27 14:34:49,010 - ERROR - Erro ao salvar o documento
2024-03-27 14:34:52,094 - INFO - Abrindo diálogo para escolher o local de salvamento
2024-03-27 14:34:59,226 - INFO - Caminho de salvamento escolhido: C:/Users/Mateus Mayer/Downloads/teste.docx
2024-03-27 14:34:59,228 - INFO - Cópia realizada
2024-03-27 14:34:59,248 - INFO - Documento de cópia aberto para edição com sucesso
2024-03-27 14:34:59,248 - INFO - Novos módulos dinâmicos adicionados: {'N001': '1234', 'S001': 'PRIO', 'S003': 'TESTE', 'D001': '27 de março de 2024', 'D002': '27/03/2024', 'S005': 'Karina', 'C001': 'ABAP', 'H001': '50', 'D003': '18/02/2000', 'V001': '55,00', 'T001': 'Remoto', 'C002': 'MM', 'H002': '70', 'D004': '18/02/2023', 'V002': '75,00', 'T002': 'Híbrido', 'C003': 'SD', 'H003': '30', 'D005': '18/02/2024', 'V003': '88,00', 'T003': 'Presencial', 'C004': 'FI', 'H004': '20', 'D006': '18/02/2025', 'V004': '35,00', 'T004': 'Híbrido', 'C005': 'CO', 'H005': '70', 'D007': '18/02/2026', 'V005': '77,00', 'T005': 'Remoto'}
2024-03-27 14:34:59,248 - INFO - Referencias campos adicionais: {'N001': '1234', 'S001': 'PRIO', 'S003': 'TESTE', 'D001': '27 de março de 2024', 'D002': '27/03/2024', 'S005': 'Karina', 'C001': 'ABAP', 'H001': '50', 'D003': '18/02/2000', 'V001': '55,00', 'T001': 'Remoto', 'C002': 'MM', 'H002': '70', 'D004': '18/02/2023', 'V002': '75,00', 'T002': 'Híbrido', 'C003': 'SD', 'H003': '30', 'D005': '18/02/2024', 'V003': '88,00', 'T003': 'Presencial', 'C004': 'FI', 'H004': '20', 'D006': '18/02/2025', 'V004': '35,00', 'T004': 'Híbrido', 'C005': 'CO', 'H005': '70', 'D007': '18/02/2026', 'V005': '77,00', 'T005': 'Remoto'}
2024-03-27 14:35:00,049 - INFO - Tabela atualizada com campos novos
2024-03-27 14:35:01,308 - INFO - Documento salvo com sucesso em: C:/Users/Mateus Mayer/Downloads/teste.docx
2024-03-27 14:44:16,201 - INFO - Widgets: [None, <tkinter.Entry object .!frame.!frame.!entry9>]
2024-03-27 14:44:16,202 - INFO - Widgets: [None, <tkinter.Entry object .!frame.!frame.!entry9>, None, <tkinter.Entry object .!frame.!frame.!entry10>]
2024-03-27 14:44:16,203 - INFO - Widgets: [None, <tkinter.Entry object .!frame.!frame.!entry9>, None, <tkinter.Entry object .!frame.!frame.!entry10>, None, <tkinter.Entry object .!frame.!frame.!entry11>]
2024-03-27 14:44:16,203 - INFO - Widgets: [None, <tkinter.Entry object .!frame.!frame.!entry9>, None, <tkinter.Entry object .!frame.!frame.!entry10>, None, <tkinter.Entry object .!frame.!frame.!entry11>, None, <tkinter.Entry object .!frame.!frame.!entry12>]
2024-03-27 14:44:20,587 - INFO - Abrindo diálogo para escolher o local de salvamento
2024-03-27 14:44:27,368 - INFO - Caminho de salvamento escolhido: C:/Users/Mateus Mayer/Downloads/teste.docx
2024-03-27 14:44:27,371 - INFO - Cópia realizada
2024-03-27 14:44:27,400 - INFO - Documento de cópia aberto para edição com sucesso
2024-03-27 14:44:27,412 - INFO - Novos módulos dinâmicos adicionados: {'N001': 'vkhjhjo', 'S001': 'kvhlhjo', 'S003': 'h,bjo', 'D001': '27 de março de 2024', 'D002': '27/03/2024', 'S005': 'm ,', 'C001': 'hkjo', 'H001': 'bjho', 'D003': 'nmbjhkoç', 'V001': 'mbjloç', 'T001': 'Remoto', 'C002': 'bhkjjok', 'H002': 'bjlk', 'D004': 'mblj', 'V002': 'n ,nkç', 'T002': 'Remoto'}
2024-03-27 14:44:27,412 - INFO - Referencias campos adicionais: {'N001': 'vkhjhjo', 'S001': 'kvhlhjo', 'S003': 'h,bjo', 'D001': '27 de março de 2024', 'D002': '27/03/2024', 'S005': 'm ,', 'C001': 'hkjo', 'H001': 'bjho', 'D003': 'nmbjhkoç', 'V001': 'mbjloç', 'T001': 'Remoto', 'C002': 'bhkjjok', 'H002': 'bjlk', 'D004': 'mblj', 'V002': 'n ,nkç', 'T002': 'Remoto'}
2024-03-27 14:44:28,021 - ERROR - Nem todos os códigos de módulo estão presentes em 'referencias'.
2024-03-27 14:44:28,022 - ERROR - Nem todos os códigos de módulo estão presentes em 'referencias'.
2024-03-27 14:44:28,022 - ERROR - Nem todos os códigos de módulo estão presentes em 'referencias'.
2024-03-27 14:44:28,023 - ERROR - Nem todos os códigos de módulo estão presentes em 'referencias'.
2024-03-27 14:44:28,023 - INFO - Tabela atualizada com campos novos
2024-03-27 14:44:29,143 - INFO - Documento salvo com sucesso em: C:/Users/Mateus Mayer/Downloads/teste.docx
2024-03-27 15:41:19,706 - INFO - Widgets: [None, <tkinter.Entry object .!frame.!frame.!entry9>]
2024-03-27 15:41:19,708 - INFO - Widgets: [None, <tkinter.Entry object .!frame.!frame.!entry9>, None, <tkinter.Entry object .!frame.!frame.!entry10>]
2024-03-27 15:41:19,709 - INFO - Widgets: [None, <tkinter.Entry object .!frame.!frame.!entry9>, None, <tkinter.Entry object .!frame.!frame.!entry10>, None, <tkinter.Entry object .!frame.!frame.!entry11>]
2024-03-27 15:41:19,709 - INFO - Widgets: [None, <tkinter.Entry object .!frame.!frame.!entry9>, None, <tkinter.Entry object .!frame.!frame.!entry10>, None, <tkinter.Entry object .!frame.!frame.!entry11>, None, <tkinter.Entry object .!frame.!frame.!entry12>]
2024-03-27 15:41:39,036 - INFO - Widgets: [None, <tkinter.Entry object .!frame.!frame.!entry13>]
2024-03-27 15:41:39,036 - INFO - Widgets: [None, <tkinter.Entry object .!frame.!frame.!entry13>, None, <tkinter.Entry object .!frame.!frame.!entry14>]
2024-03-27 15:41:39,037 - INFO - Widgets: [None, <tkinter.Entry object .!frame.!frame.!entry13>, None, <tkinter.Entry object .!frame.!frame.!entry14>, None, <tkinter.Entry object .!frame.!frame.!entry15>]
2024-03-27 15:41:39,037 - INFO - Widgets: [None, <tkinter.Entry object .!frame.!frame.!entry13>, None, <tkinter.Entry object .!frame.!frame.!entry14>, None, <tkinter.Entry object .!frame.!frame.!entry15>, None, <tkinter.Entry object .!frame.!frame.!entry16>]
2024-03-27 15:42:01,178 - INFO - Abrindo diálogo para escolher o local de salvamento
2024-03-27 15:42:08,415 - INFO - Caminho de salvamento escolhido: C:/Users/Mateus Mayer/Downloads/teste.docx
2024-03-27 15:42:08,419 - INFO - Cópia realizada
2024-03-27 15:42:08,451 - INFO - Documento de cópia aberto para edição com sucesso
2024-03-27 15:42:08,462 - INFO - Novos módulos dinâmicos adicionados: {'N001': '1233445', 'S001': 'PRIO', 'S003': 'Fazer Algo', 'D001': '27 de março de 2024', 'D002': '27/03/2024', 'S005': 'Karina Freitas', 'C001': 'SD', 'H001': '50', 'D003': '18/01/2000', 'V001': '75,00', 'T001': 'Remoto', 'C002': 'MM', 'H002': '70', 'D004': '18/02/2024', 'V002': '80,00', 'T002': 'Híbrido', 'C003': 'ABAP', 'H003': '80', 'D005': '19/03/2024', 'V003': '90,00', 'T003': 'Presencial'}
2024-03-27 15:42:08,462 - INFO - Referencias campos adicionais: {'N001': '1233445', 'S001': 'PRIO', 'S003': 'Fazer Algo', 'D001': '27 de março de 2024', 'D002': '27/03/2024', 'S005': 'Karina Freitas', 'C001': 'SD', 'H001': '50', 'D003': '18/01/2000', 'V001': '75,00', 'T001': 'Remoto', 'C002': 'MM', 'H002': '70', 'D004': '18/02/2024', 'V002': '80,00', 'T002': 'Híbrido', 'C003': 'ABAP', 'H003': '80', 'D005': '19/03/2024', 'V003': '90,00', 'T003': 'Presencial'}
2024-03-27 15:42:09,035 - ERROR - Nem todos os códigos de módulo estão presentes em 'referencias'.
2024-03-27 15:42:09,036 - ERROR - Nem todos os códigos de módulo estão presentes em 'referencias'.
2024-03-27 15:42:09,036 - ERROR - Nem todos os códigos de módulo estão presentes em 'referencias'.
2024-03-27 15:42:09,036 - INFO - Tabela atualizada com campos novos
2024-03-27 15:42:10,222 - INFO - Documento salvo com sucesso em: C:/Users/Mateus Mayer/Downloads/teste.docx
2024-03-27 15:48:59,868 - INFO - Widgets: [None, <tkinter.Entry object .!frame.!frame.!entry9>]
2024-03-27 15:48:59,869 - INFO - Widgets: [None, <tkinter.Entry object .!frame.!frame.!entry9>, None, <tkinter.Entry object .!frame.!frame.!entry10>]
2024-03-27 15:48:59,870 - INFO - Widgets: [None, <tkinter.Entry object .!frame.!frame.!entry9>, None, <tkinter.Entry object .!frame.!frame.!entry10>, None, <tkinter.Entry object .!frame.!frame.!entry11>]
2024-03-27 15:48:59,870 - INFO - Widgets: [None, <tkinter.Entry object .!frame.!frame.!entry9>, None, <tkinter.Entry object .!frame.!frame.!entry10>, None, <tkinter.Entry object .!frame.!frame.!entry11>, None, <tkinter.Entry object .!frame.!frame.!entry12>]
2024-03-27 15:49:04,775 - INFO - Abrindo diálogo para escolher o local de salvamento
2024-03-27 15:49:16,700 - INFO - Caminho de salvamento escolhido: C:/Users/Mateus Mayer/Downloads/teste.docx
2024-03-27 15:49:16,702 - INFO - Cópia realizada
2024-03-27 15:49:16,723 - INFO - Documento de cópia aberto para edição com sucesso
2024-03-27 15:49:16,735 - INFO - Novos módulos dinâmicos adicionados: {'N001': 'gvhiojp', 'S001': 'hvkjhij', 'S003': 'ovhj,', 'D001': '27 de março de 2024', 'D002': '27/03/2024', 'S005': 'hjo', 'C001': 'bkjloi', 'H001': 'nbjko', 'D003': 'n,kjo', 'V001': ',njo', 'T001': 'Remoto', 'C002': 'huihoi', 'H002': 'vhj,hj', 'D004': 'hkbj', 'V002': 'bjkj', 'T002': 'Remoto'}
2024-03-27 15:49:16,736 - INFO - Referencias campos adicionais: {'N001': 'gvhiojp', 'S001': 'hvkjhij', 'S003': 'ovhj,', 'D001': '27 de março de 2024', 'D002': '27/03/2024', 'S005': 'hjo', 'C001': 'bkjloi', 'H001': 'nbjko', 'D003': 'n,kjo', 'V001': ',njo', 'T001': 'Remoto', 'C002': 'huihoi', 'H002': 'vhj,hj', 'D004': 'hkbj', 'V002': 'bjkj', 'T002': 'Remoto'}
2024-03-27 15:49:17,226 - ERROR - Nem todos os códigos de módulo estão presentes em 'referencias'.
2024-03-27 15:49:17,227 - ERROR - Nem todos os códigos de módulo estão presentes em 'referencias'.
2024-03-27 15:49:17,227 - ERROR - Nem todos os códigos de módulo estão presentes em 'referencias'.
2024-03-27 15:49:17,227 - ERROR - Nem todos os códigos de módulo estão presentes em 'referencias'.
2024-03-27 15:49:17,227 - INFO - Tabela atualizada com campos novos
2024-03-27 15:49:18,238 - INFO - Documento salvo com sucesso em: C:/Users/Mateus Mayer/Downloads/teste.docx
2024-03-27 16:13:20,062 - INFO - Widgets: [None, <tkinter.Entry object .!frame.!frame.!entry9>]
2024-03-27 16:13:20,063 - INFO - Widgets: [None, <tkinter.Entry object .!frame.!frame.!entry9>, None, <tkinter.Entry object .!frame.!frame.!entry10>]
2024-03-27 16:13:20,063 - INFO - Widgets: [None, <tkinter.Entry object .!frame.!frame.!entry9>, None, <tkinter.Entry object .!frame.!frame.!entry10>, None, <tkinter.Entry object .!frame.!frame.!entry11>]
2024-03-27 16:13:20,063 - INFO - Widgets: [None, <tkinter.Entry object .!frame.!frame.!entry9>, None, <tkinter.Entry object .!frame.!frame.!entry10>, None, <tkinter.Entry object .!frame.!frame.!entry11>, None, <tkinter.Entry object .!frame.!frame.!entry12>]
2024-03-27 16:13:48,777 - INFO - Abrindo diálogo para escolher o local de salvamento
2024-03-27 16:13:56,071 - INFO - Caminho de salvamento escolhido: C:/Users/Mateus Mayer/Downloads/teste.docx
2024-03-27 16:13:56,072 - INFO - Cópia realizada
2024-03-27 16:13:56,117 - INFO - Documento de cópia aberto para edição com sucesso
2024-03-27 16:13:56,129 - INFO - Novos módulos dinâmicos adicionados: {'N001': 'yguihj', 'S001': 'bijo', 'S003': 'hbjjo', 'D001': '27 de março de 2024', 'D002': '27/03/2024', 'S005': 'bjjo', 'C001': 'jbkkjo', 'H001': 'jbkj', 'D003': 'jb', 'V001': 'kjo', 'T001': 'Remoto', 'C002': 'jkjop', 'H002': 'bjknjop', 'D004': 'kjnokp', 'V002': 'n nkjok', 'T002': 'Presencial'}
2024-03-27 16:13:56,129 - INFO - Referencias campos adicionais: {'N001': 'yguihj', 'S001': 'bijo', 'S003': 'hbjjo', 'D001': '27 de março de 2024', 'D002': '27/03/2024', 'S005': 'bjjo', 'C001': 'jbkkjo', 'H001': 'jbkj', 'D003': 'jb', 'V001': 'kjo', 'T001': 'Remoto', 'C002': 'jkjop', 'H002': 'bjknjop', 'D004': 'kjnokp', 'V002': 'n nkjok', 'T002': 'Presencial'}
2024-03-27 16:13:56,642 - ERROR - Nem todos os códigos de módulo estão presentes em 'referencias'.
2024-03-27 16:13:56,643 - ERROR - Nem todos os códigos de módulo estão presentes em 'referencias'.
2024-03-27 16:13:56,643 - ERROR - Nem todos os códigos de módulo estão presentes em 'referencias'.
2024-03-27 16:13:56,643 - ERROR - Nem todos os códigos de módulo estão presentes em 'referencias'.
2024-03-27 16:13:56,643 - INFO - Tabela atualizada com campos novos
2024-03-27 16:13:57,700 - INFO - Documento salvo com sucesso em: C:/Users/Mateus Mayer/Downloads/teste.docx
2024-03-27 16:17:15,043 - INFO - Widgets: [None, <tkinter.Entry object .!frame.!frame.!entry9>]
2024-03-27 16:17:15,044 - INFO - Widgets: [None, <tkinter.Entry object .!frame.!frame.!entry9>, None, <tkinter.Entry object .!frame.!frame.!entry10>]
2024-03-27 16:17:15,045 - INFO - Widgets: [None, <tkinter.Entry object .!frame.!frame.!entry9>, None, <tkinter.Entry object .!frame.!frame.!entry10>, None, <tkinter.Entry object .!frame.!frame.!entry11>]
2024-03-27 16:17:15,045 - INFO - Widgets: [None, <tkinter.Entry object .!frame.!frame.!entry9>, None, <tkinter.Entry object .!frame.!frame.!entry10>, None, <tkinter.Entry object .!frame.!frame.!entry11>, None, <tkinter.Entry object .!frame.!frame.!entry12>]
2024-03-27 16:17:22,817 - INFO - Widgets: [None, <tkinter.Entry object .!frame.!frame.!entry13>]
2024-03-27 16:17:22,818 - INFO - Widgets: [None, <tkinter.Entry object .!frame.!frame.!entry13>, None, <tkinter.Entry object .!frame.!frame.!entry14>]
2024-03-27 16:17:22,818 - INFO - Widgets: [None, <tkinter.Entry object .!frame.!frame.!entry13>, None, <tkinter.Entry object .!frame.!frame.!entry14>, None, <tkinter.Entry object .!frame.!frame.!entry15>]
2024-03-27 16:17:22,818 - INFO - Widgets: [None, <tkinter.Entry object .!frame.!frame.!entry13>, None, <tkinter.Entry object .!frame.!frame.!entry14>, None, <tkinter.Entry object .!frame.!frame.!entry15>, None, <tkinter.Entry object .!frame.!frame.!entry16>]
2024-03-27 16:17:29,843 - INFO - Abrindo diálogo para escolher o local de salvamento
2024-03-27 16:17:36,153 - INFO - Caminho de salvamento escolhido: C:/Users/Mateus Mayer/Downloads/teste.docx
2024-03-27 16:17:36,156 - INFO - Cópia realizada
2024-03-27 16:17:36,174 - INFO - Documento de cópia aberto para edição com sucesso
2024-03-27 16:17:36,182 - INFO - Novos módulos dinâmicos adicionados: {'N001': 'yugihojp', 'S001': 'hvuhio', 'S003': 'jphjv', 'D001': '27 de março de 2024', 'D002': '27/03/2024', 'S005': 'hijop', 'C001': 'jbkjoi', 'H001': 'bjk', 'D003': 'jopbj', 'V001': 'koinbj', 'T001': 'Remoto', 'C002': 'jhbkjop', 'H002': 'fgjk', 'D004': 'hbijo', 'V002': 'hbjko', 'T002': 'Presencial', 'C003': 'hbjkoo', 'H003': 'hjbkijo', 'D005': 'n bjkl', 'V003': 'n nk', 'T003': 'Híbrido'}
2024-03-27 16:17:36,183 - INFO - Referencias campos adicionais: {'N001': 'yugihojp', 'S001': 'hvuhio', 'S003': 'jphjv', 'D001': '27 de março de 2024', 'D002': '27/03/2024', 'S005': 'hijop', 'C001': 'jbkjoi', 'H001': 'bjk', 'D003': 'jopbj', 'V001': 'koinbj', 'T001': 'Remoto', 'C002': 'jhbkjop', 'H002': 'fgjk', 'D004': 'hbijo', 'V002': 'hbjko', 'T002': 'Presencial', 'C003': 'hbjkoo', 'H003': 'hjbkijo', 'D005': 'n bjkl', 'V003': 'n nk', 'T003': 'Híbrido'}
2024-03-27 16:17:36,780 - ERROR - Nem todos os códigos de módulo estão presentes em 'referencias'.
2024-03-27 16:17:36,781 - ERROR - Nem todos os códigos de módulo estão presentes em 'referencias'.
2024-03-27 16:17:36,781 - ERROR - Nem todos os códigos de módulo estão presentes em 'referencias'.
2024-03-27 16:17:36,781 - INFO - Tabela atualizada com campos novos
2024-03-27 16:17:37,784 - INFO - Documento salvo com sucesso em: C:/Users/Mateus Mayer/Downloads/teste.docx
2024-03-27 16:19:26,152 - INFO - Abrindo diálogo para escolher o local de salvamento
2024-03-27 16:19:33,260 - INFO - Caminho de salvamento escolhido: C:/Users/Mateus Mayer/Downloads/teste.docx
2024-03-27 16:19:33,262 - INFO - Cópia realizada
2024-03-27 16:19:33,280 - INFO - Documento de cópia aberto para edição com sucesso
2024-03-27 16:19:33,280 - INFO - Novos módulos dinâmicos adicionados: {'N001': 'yugihojp', 'S001': 'hvuhio', 'S003': 'jphjv', 'D001': '27 de março de 2024', 'D002': '27/03/2024', 'S005': 'hijop', 'C001': 'jbkjoi', 'H001': 'bjk', 'D003': 'jopbj', 'V001': 'koinbj', 'T001': 'Remoto', 'C002': 'jhbkjop', 'H002': 'fgjk', 'D004': 'hbijo', 'V002': 'hbjko', 'T002': 'Presencial', 'C003': 'hbjkoo', 'H003': 'hjbkijo', 'D005': 'n bjkl', 'V003': 'n nk', 'T003': 'Híbrido'}
2024-03-27 16:19:33,280 - INFO - Referencias campos adicionais: {'N001': 'yugihojp', 'S001': 'hvuhio', 'S003': 'jphjv', 'D001': '27 de março de 2024', 'D002': '27/03/2024', 'S005': 'hijop', 'C001': 'jbkjoi', 'H001': 'bjk', 'D003': 'jopbj', 'V001': 'koinbj', 'T001': 'Remoto', 'C002': 'jhbkjop', 'H002': 'fgjk', 'D004': 'hbijo', 'V002': 'hbjko', 'T002': 'Presencial', 'C003': 'hbjkoo', 'H003': 'hjbkijo', 'D005': 'n bjkl', 'V003': 'n nk', 'T003': 'Híbrido'}
2024-03-27 16:19:33,843 - ERROR - Nem todos os códigos de módulo estão presentes em 'referencias'.
2024-03-27 16:19:33,844 - ERROR - Nem todos os códigos de módulo estão presentes em 'referencias'.
2024-03-27 16:19:33,844 - ERROR - Nem todos os códigos de módulo estão presentes em 'referencias'.
2024-03-27 16:19:33,844 - INFO - Tabela atualizada com campos novos
2024-03-27 16:19:34,951 - INFO - Documento salvo com sucesso em: C:/Users/Mateus Mayer/Downloads/teste.docx
